{"/home/borgesjonas/Projects/Testes/to-do-list/src/App.tsx": {"path":"/home/borgesjonas/Projects/Testes/to-do-list/src/App.tsx","all":true,"statementMap":{"0":{"start":{"line":1,"column":0},"end":{"line":1,"column":50}},"5":{"start":{"line":6,"column":0},"end":{"line":6,"column":23}},"6":{"start":{"line":7,"column":0},"end":{"line":7,"column":10}},"7":{"start":{"line":8,"column":0},"end":{"line":8,"column":6}},"8":{"start":{"line":9,"column":0},"end":{"line":9,"column":40}},"9":{"start":{"line":10,"column":0},"end":{"line":10,"column":17}},"10":{"start":{"line":11,"column":0},"end":{"line":11,"column":7}},"12":{"start":{"line":13,"column":0},"end":{"line":13,"column":1}}},"s":{"0":0,"5":0,"6":0,"7":0,"8":0,"9":0,"10":0,"12":0},"branchMap":{"0":{"type":"branch","line":1,"loc":{"start":{"line":1,"column":251},"end":{"line":13,"column":1}},"locations":[{"start":{"line":1,"column":251},"end":{"line":13,"column":1}}]}},"b":{"0":[0]},"fnMap":{"0":{"name":"(empty-report)","decl":{"start":{"line":1,"column":251},"end":{"line":13,"column":1}},"loc":{"start":{"line":1,"column":251},"end":{"line":13,"column":1}},"line":1}},"f":{"0":0}}
,"/home/borgesjonas/Projects/Testes/to-do-list/src/main.tsx": {"path":"/home/borgesjonas/Projects/Testes/to-do-list/src/main.tsx","all":true,"statementMap":{"0":{"start":{"line":1,"column":0},"end":{"line":1,"column":35}},"1":{"start":{"line":2,"column":0},"end":{"line":2,"column":46}},"2":{"start":{"line":3,"column":0},"end":{"line":3,"column":51}},"4":{"start":{"line":5,"column":0},"end":{"line":5,"column":49}},"6":{"start":{"line":7,"column":0},"end":{"line":7,"column":32}},"8":{"start":{"line":9,"column":0},"end":{"line":9,"column":21}},"10":{"start":{"line":11,"column":0},"end":{"line":11,"column":52}},"11":{"start":{"line":12,"column":0},"end":{"line":12,"column":14}},"12":{"start":{"line":13,"column":0},"end":{"line":13,"column":18}},"13":{"start":{"line":14,"column":0},"end":{"line":14,"column":48}},"14":{"start":{"line":15,"column":0},"end":{"line":15,"column":53}},"15":{"start":{"line":16,"column":0},"end":{"line":16,"column":28}},"16":{"start":{"line":17,"column":0},"end":{"line":17,"column":45}},"17":{"start":{"line":18,"column":0},"end":{"line":18,"column":8}},"19":{"start":{"line":20,"column":0},"end":{"line":20,"column":16}},"20":{"start":{"line":21,"column":0},"end":{"line":21,"column":15}},"21":{"start":{"line":22,"column":0},"end":{"line":22,"column":17}},"22":{"start":{"line":23,"column":0},"end":{"line":23,"column":20}},"23":{"start":{"line":24,"column":0},"end":{"line":24,"column":15}},"24":{"start":{"line":25,"column":0},"end":{"line":25,"column":2}}},"s":{"0":0,"1":0,"2":0,"4":0,"6":0,"8":0,"10":0,"11":0,"12":0,"13":0,"14":0,"15":0,"16":0,"17":0,"19":0,"20":0,"21":0,"22":0,"23":0,"24":0},"branchMap":{"0":{"type":"branch","line":1,"loc":{"start":{"line":1,"column":614},"end":{"line":25,"column":2}},"locations":[{"start":{"line":1,"column":614},"end":{"line":25,"column":2}}]}},"b":{"0":[0]},"fnMap":{"0":{"name":"(empty-report)","decl":{"start":{"line":1,"column":614},"end":{"line":25,"column":2}},"loc":{"start":{"line":1,"column":614},"end":{"line":25,"column":2}},"line":1}},"f":{"0":0}}
,"/home/borgesjonas/Projects/Testes/to-do-list/src/common/formatters.ts": {"path":"/home/borgesjonas/Projects/Testes/to-do-list/src/common/formatters.ts","all":false,"statementMap":{"0":{"start":{"line":1,"column":0},"end":{"line":1,"column":48}},"1":{"start":{"line":2,"column":0},"end":{"line":2,"column":36}},"2":{"start":{"line":3,"column":0},"end":{"line":3,"column":43}},"3":{"start":{"line":4,"column":0},"end":{"line":4,"column":20}},"4":{"start":{"line":5,"column":0},"end":{"line":5,"column":5}},"5":{"start":{"line":6,"column":0},"end":{"line":6,"column":1}}},"s":{"0":1,"1":18,"2":18,"3":18,"4":18,"5":18},"branchMap":{"0":{"type":"branch","line":1,"loc":{"start":{"line":1,"column":7},"end":{"line":6,"column":1}},"locations":[{"start":{"line":1,"column":7},"end":{"line":6,"column":1}}]}},"b":{"0":[18]},"fnMap":{"0":{"name":"formatDate","decl":{"start":{"line":1,"column":7},"end":{"line":6,"column":1}},"loc":{"start":{"line":1,"column":7},"end":{"line":6,"column":1}},"line":1}},"f":{"0":18}}
,"/home/borgesjonas/Projects/Testes/to-do-list/src/components/app-layout/index.tsx": {"path":"/home/borgesjonas/Projects/Testes/to-do-list/src/components/app-layout/index.tsx","all":true,"statementMap":{"0":{"start":{"line":1,"column":0},"end":{"line":1,"column":42}},"3":{"start":{"line":4,"column":0},"end":{"line":4,"column":29}},"4":{"start":{"line":5,"column":0},"end":{"line":5,"column":10}},"5":{"start":{"line":6,"column":0},"end":{"line":6,"column":6}},"6":{"start":{"line":7,"column":0},"end":{"line":7,"column":16}},"7":{"start":{"line":8,"column":0},"end":{"line":8,"column":16}},"8":{"start":{"line":9,"column":0},"end":{"line":9,"column":7}},"10":{"start":{"line":11,"column":0},"end":{"line":11,"column":1}}},"s":{"0":0,"3":0,"4":0,"5":0,"6":0,"7":0,"8":0,"10":0},"branchMap":{"0":{"type":"branch","line":1,"loc":{"start":{"line":1,"column":186},"end":{"line":11,"column":1}},"locations":[{"start":{"line":1,"column":186},"end":{"line":11,"column":1}}]}},"b":{"0":[0]},"fnMap":{"0":{"name":"(empty-report)","decl":{"start":{"line":1,"column":186},"end":{"line":11,"column":1}},"loc":{"start":{"line":1,"column":186},"end":{"line":11,"column":1}},"line":1}},"f":{"0":0}}
,"/home/borgesjonas/Projects/Testes/to-do-list/src/components/app-layout/components/header/index.tsx": {"path":"/home/borgesjonas/Projects/Testes/to-do-list/src/components/app-layout/components/header/index.tsx","all":true,"statementMap":{"0":{"start":{"line":1,"column":0},"end":{"line":1,"column":40}},"5":{"start":{"line":6,"column":0},"end":{"line":6,"column":26}},"6":{"start":{"line":7,"column":0},"end":{"line":7,"column":10}},"7":{"start":{"line":8,"column":0},"end":{"line":8,"column":9}},"8":{"start":{"line":9,"column":0},"end":{"line":9,"column":17}},"9":{"start":{"line":10,"column":0},"end":{"line":10,"column":13}},"10":{"start":{"line":11,"column":0},"end":{"line":11,"column":12}},"11":{"start":{"line":12,"column":0},"end":{"line":12,"column":18}},"12":{"start":{"line":13,"column":0},"end":{"line":13,"column":25}},"13":{"start":{"line":14,"column":0},"end":{"line":14,"column":36}},"15":{"start":{"line":16,"column":0},"end":{"line":16,"column":41}},"16":{"start":{"line":17,"column":0},"end":{"line":17,"column":17}},"17":{"start":{"line":18,"column":0},"end":{"line":18,"column":11}},"19":{"start":{"line":20,"column":0},"end":{"line":20,"column":1}}},"s":{"0":0,"5":0,"6":0,"7":0,"8":0,"9":0,"10":0,"11":0,"12":0,"13":0,"15":0,"16":0,"17":0,"19":0},"branchMap":{"0":{"type":"branch","line":1,"loc":{"start":{"line":1,"column":407},"end":{"line":20,"column":1}},"locations":[{"start":{"line":1,"column":407},"end":{"line":20,"column":1}}]}},"b":{"0":[0]},"fnMap":{"0":{"name":"(empty-report)","decl":{"start":{"line":1,"column":407},"end":{"line":20,"column":1}},"loc":{"start":{"line":1,"column":407},"end":{"line":20,"column":1}},"line":1}},"f":{"0":0}}
,"/home/borgesjonas/Projects/Testes/to-do-list/src/components/app-layout/components/header/components/actions/index.tsx": {"path":"/home/borgesjonas/Projects/Testes/to-do-list/src/components/app-layout/components/header/components/actions/index.tsx","all":false,"statementMap":{"0":{"start":{"line":1,"column":0},"end":{"line":1,"column":54}},"8":{"start":{"line":9,"column":0},"end":{"line":9,"column":27}},"9":{"start":{"line":10,"column":0},"end":{"line":10,"column":49}},"11":{"start":{"line":12,"column":0},"end":{"line":12,"column":10}},"12":{"start":{"line":13,"column":0},"end":{"line":13,"column":20}},"13":{"start":{"line":14,"column":0},"end":{"line":14,"column":20}},"14":{"start":{"line":15,"column":0},"end":{"line":15,"column":10}},"15":{"start":{"line":16,"column":0},"end":{"line":16,"column":76}},"16":{"start":{"line":17,"column":0},"end":{"line":17,"column":70}},"17":{"start":{"line":18,"column":0},"end":{"line":18,"column":11}},"19":{"start":{"line":20,"column":0},"end":{"line":20,"column":10}},"20":{"start":{"line":21,"column":0},"end":{"line":21,"column":34}},"21":{"start":{"line":22,"column":0},"end":{"line":22,"column":23}},"22":{"start":{"line":23,"column":0},"end":{"line":23,"column":29}},"23":{"start":{"line":24,"column":0},"end":{"line":24,"column":31}},"24":{"start":{"line":25,"column":0},"end":{"line":25,"column":28}},"25":{"start":{"line":26,"column":0},"end":{"line":26,"column":78}},"28":{"start":{"line":29,"column":0},"end":{"line":29,"column":33}},"29":{"start":{"line":30,"column":0},"end":{"line":30,"column":25}},"30":{"start":{"line":31,"column":0},"end":{"line":31,"column":20}},"31":{"start":{"line":32,"column":0},"end":{"line":32,"column":30}},"32":{"start":{"line":33,"column":0},"end":{"line":33,"column":17}},"33":{"start":{"line":34,"column":0},"end":{"line":34,"column":21}},"34":{"start":{"line":35,"column":0},"end":{"line":35,"column":23}},"35":{"start":{"line":36,"column":0},"end":{"line":36,"column":31}},"36":{"start":{"line":37,"column":0},"end":{"line":37,"column":40}},"37":{"start":{"line":38,"column":0},"end":{"line":38,"column":37}},"38":{"start":{"line":39,"column":0},"end":{"line":39,"column":12}},"39":{"start":{"line":40,"column":0},"end":{"line":40,"column":11}},"41":{"start":{"line":42,"column":0},"end":{"line":42,"column":13}},"43":{"start":{"line":44,"column":0},"end":{"line":44,"column":1}}},"s":{"0":1,"8":1,"9":4,"11":4,"12":4,"13":4,"14":1,"15":1,"16":1,"17":1,"19":3,"20":3,"21":3,"22":3,"23":3,"24":3,"25":1,"28":3,"29":3,"30":3,"31":3,"32":3,"33":3,"34":3,"35":3,"36":3,"37":3,"38":3,"39":3,"41":4,"43":4},"branchMap":{"0":{"type":"branch","line":9,"loc":{"start":{"line":9,"column":7},"end":{"line":44,"column":1}},"locations":[{"start":{"line":9,"column":7},"end":{"line":44,"column":1}}]},"1":{"type":"branch","line":14,"loc":{"start":{"line":14,"column":7},"end":{"line":18,"column":11}},"locations":[{"start":{"line":14,"column":7},"end":{"line":18,"column":11}}]},"2":{"type":"branch","line":18,"loc":{"start":{"line":18,"column":8},"end":{"line":40,"column":11}},"locations":[{"start":{"line":18,"column":8},"end":{"line":40,"column":11}}]},"3":{"type":"branch","line":25,"loc":{"start":{"line":25,"column":23},"end":{"line":26,"column":78}},"locations":[{"start":{"line":25,"column":23},"end":{"line":26,"column":78}}]}},"b":{"0":[4],"1":[1],"2":[3],"3":[1]},"fnMap":{"0":{"name":"Actions","decl":{"start":{"line":9,"column":7},"end":{"line":44,"column":1}},"loc":{"start":{"line":9,"column":7},"end":{"line":44,"column":1}},"line":9},"1":{"name":"onClick","decl":{"start":{"line":25,"column":23},"end":{"line":26,"column":78}},"loc":{"start":{"line":25,"column":23},"end":{"line":26,"column":78}},"line":25}},"f":{"0":4,"1":1}}
,"/home/borgesjonas/Projects/Testes/to-do-list/src/components/auth-validator/index.tsx": {"path":"/home/borgesjonas/Projects/Testes/to-do-list/src/components/auth-validator/index.tsx","all":false,"statementMap":{"0":{"start":{"line":1,"column":0},"end":{"line":1,"column":46}},"5":{"start":{"line":6,"column":0},"end":{"line":6,"column":33}},"6":{"start":{"line":7,"column":0},"end":{"line":7,"column":33}},"7":{"start":{"line":8,"column":0},"end":{"line":8,"column":33}},"8":{"start":{"line":9,"column":0},"end":{"line":9,"column":52}},"10":{"start":{"line":11,"column":0},"end":{"line":11,"column":19}},"11":{"start":{"line":12,"column":0},"end":{"line":12,"column":41}},"12":{"start":{"line":13,"column":0},"end":{"line":13,"column":20}},"13":{"start":{"line":14,"column":0},"end":{"line":14,"column":5}},"15":{"start":{"line":16,"column":0},"end":{"line":16,"column":40}},"16":{"start":{"line":17,"column":0},"end":{"line":17,"column":38}},"17":{"start":{"line":18,"column":0},"end":{"line":18,"column":27}},"18":{"start":{"line":19,"column":0},"end":{"line":19,"column":14}},"19":{"start":{"line":20,"column":0},"end":{"line":20,"column":36}},"20":{"start":{"line":21,"column":0},"end":{"line":21,"column":7}},"21":{"start":{"line":22,"column":0},"end":{"line":22,"column":5}},"22":{"start":{"line":23,"column":0},"end":{"line":23,"column":35}},"24":{"start":{"line":25,"column":0},"end":{"line":25,"column":10}},"25":{"start":{"line":26,"column":0},"end":{"line":26,"column":77}},"27":{"start":{"line":28,"column":0},"end":{"line":28,"column":1}}},"s":{"0":1,"5":1,"6":5,"7":5,"8":5,"10":5,"11":5,"12":1,"13":1,"15":5,"16":3,"17":1,"18":3,"19":2,"20":2,"21":3,"22":5,"24":5,"25":5,"27":5},"branchMap":{"0":{"type":"branch","line":6,"loc":{"start":{"line":6,"column":7},"end":{"line":28,"column":1}},"locations":[{"start":{"line":6,"column":7},"end":{"line":28,"column":1}}]},"1":{"type":"branch","line":26,"loc":{"start":{"line":26,"column":7},"end":{"line":26,"column":62}},"locations":[{"start":{"line":26,"column":7},"end":{"line":26,"column":62}}]},"2":{"type":"branch","line":26,"loc":{"start":{"line":26,"column":52},"end":{"line":26,"column":73}},"locations":[{"start":{"line":26,"column":52},"end":{"line":26,"column":73}}]},"3":{"type":"branch","line":11,"loc":{"start":{"line":11,"column":12},"end":{"line":23,"column":5}},"locations":[{"start":{"line":11,"column":12},"end":{"line":23,"column":5}}]},"4":{"type":"branch","line":12,"loc":{"start":{"line":12,"column":9},"end":{"line":12,"column":40}},"locations":[{"start":{"line":12,"column":9},"end":{"line":12,"column":40}}]},"5":{"type":"branch","line":12,"loc":{"start":{"line":12,"column":40},"end":{"line":14,"column":5}},"locations":[{"start":{"line":12,"column":40},"end":{"line":14,"column":5}}]},"6":{"type":"branch","line":16,"loc":{"start":{"line":16,"column":9},"end":{"line":16,"column":39}},"locations":[{"start":{"line":16,"column":9},"end":{"line":16,"column":39}}]},"7":{"type":"branch","line":16,"loc":{"start":{"line":16,"column":39},"end":{"line":22,"column":5}},"locations":[{"start":{"line":16,"column":39},"end":{"line":22,"column":5}}]},"8":{"type":"branch","line":17,"loc":{"start":{"line":17,"column":37},"end":{"line":19,"column":13}},"locations":[{"start":{"line":17,"column":37},"end":{"line":19,"column":13}}]},"9":{"type":"branch","line":19,"loc":{"start":{"line":19,"column":6},"end":{"line":21,"column":7}},"locations":[{"start":{"line":19,"column":6},"end":{"line":21,"column":7}}]}},"b":{"0":[5],"1":[1],"2":[4],"3":[5],"4":[4],"5":[1],"6":[4],"7":[3],"8":[1],"9":[2]},"fnMap":{"0":{"name":"AuthValidator","decl":{"start":{"line":6,"column":7},"end":{"line":28,"column":1}},"loc":{"start":{"line":6,"column":7},"end":{"line":28,"column":1}},"line":6}},"f":{"0":5}}
,"/home/borgesjonas/Projects/Testes/to-do-list/src/components/avatar/index.tsx": {"path":"/home/borgesjonas/Projects/Testes/to-do-list/src/components/avatar/index.tsx","all":false,"statementMap":{"0":{"start":{"line":1,"column":0},"end":{"line":1,"column":31}},"5":{"start":{"line":6,"column":0},"end":{"line":6,"column":68}},"6":{"start":{"line":7,"column":0},"end":{"line":7,"column":31}},"7":{"start":{"line":8,"column":0},"end":{"line":8,"column":77}},"8":{"start":{"line":9,"column":0},"end":{"line":9,"column":12}},"9":{"start":{"line":10,"column":0},"end":{"line":10,"column":12}},"10":{"start":{"line":11,"column":0},"end":{"line":11,"column":45}},"11":{"start":{"line":12,"column":0},"end":{"line":12,"column":48}},"12":{"start":{"line":13,"column":0},"end":{"line":13,"column":20}},"13":{"start":{"line":14,"column":0},"end":{"line":14,"column":25}},"14":{"start":{"line":15,"column":0},"end":{"line":15,"column":74}},"15":{"start":{"line":16,"column":0},"end":{"line":16,"column":18}},"16":{"start":{"line":17,"column":0},"end":{"line":17,"column":26}},"18":{"start":{"line":19,"column":0},"end":{"line":19,"column":3}},"19":{"start":{"line":20,"column":0},"end":{"line":20,"column":2}},"21":{"start":{"line":22,"column":0},"end":{"line":22,"column":77}},"22":{"start":{"line":23,"column":0},"end":{"line":23,"column":39}},"23":{"start":{"line":24,"column":0},"end":{"line":24,"column":52}},"24":{"start":{"line":25,"column":0},"end":{"line":25,"column":12}},"25":{"start":{"line":26,"column":0},"end":{"line":26,"column":49}},"26":{"start":{"line":27,"column":0},"end":{"line":27,"column":18}},"27":{"start":{"line":28,"column":0},"end":{"line":28,"column":70}},"28":{"start":{"line":29,"column":0},"end":{"line":29,"column":46}},"29":{"start":{"line":30,"column":0},"end":{"line":30,"column":72}},"31":{"start":{"line":32,"column":0},"end":{"line":32,"column":30}},"33":{"start":{"line":34,"column":0},"end":{"line":34,"column":3}},"34":{"start":{"line":35,"column":0},"end":{"line":35,"column":2}},"36":{"start":{"line":37,"column":0},"end":{"line":37,"column":36}},"37":{"start":{"line":38,"column":0},"end":{"line":38,"column":39}},"38":{"start":{"line":39,"column":0},"end":{"line":39,"column":53}},"39":{"start":{"line":40,"column":0},"end":{"line":40,"column":67}},"40":{"start":{"line":41,"column":0},"end":{"line":41,"column":30}},"41":{"start":{"line":42,"column":0},"end":{"line":42,"column":51}},"42":{"start":{"line":43,"column":0},"end":{"line":43,"column":26}},"43":{"start":{"line":44,"column":0},"end":{"line":44,"column":1}},"45":{"start":{"line":46,"column":0},"end":{"line":46,"column":78}},"46":{"start":{"line":47,"column":0},"end":{"line":47,"column":36}},"47":{"start":{"line":48,"column":0},"end":{"line":48,"column":57}},"48":{"start":{"line":49,"column":0},"end":{"line":49,"column":12}},"49":{"start":{"line":50,"column":0},"end":{"line":50,"column":72}},"50":{"start":{"line":51,"column":0},"end":{"line":51,"column":57}},"51":{"start":{"line":52,"column":0},"end":{"line":52,"column":35}},"53":{"start":{"line":54,"column":0},"end":{"line":54,"column":3}},"54":{"start":{"line":55,"column":0},"end":{"line":55,"column":2}}},"s":{"0":1,"5":1,"6":1,"7":3,"8":3,"9":3,"10":3,"11":3,"12":3,"13":3,"14":3,"15":3,"16":3,"18":3,"19":1,"21":1,"22":1,"23":3,"24":3,"25":3,"26":3,"27":3,"28":3,"29":0,"31":3,"33":3,"34":1,"36":3,"37":3,"38":3,"39":3,"40":3,"41":0,"42":3,"43":3,"45":1,"46":1,"47":0,"48":0,"49":0,"50":0,"51":0,"53":0,"54":1},"branchMap":{"0":{"type":"branch","line":7,"loc":{"start":{"line":7,"column":2},"end":{"line":19,"column":3}},"locations":[{"start":{"line":7,"column":2},"end":{"line":19,"column":3}}]},"1":{"type":"branch","line":23,"loc":{"start":{"line":23,"column":2},"end":{"line":34,"column":3}},"locations":[{"start":{"line":23,"column":2},"end":{"line":34,"column":3}}]},"2":{"type":"branch","line":29,"loc":{"start":{"line":29,"column":17},"end":{"line":29,"column":46}},"locations":[{"start":{"line":29,"column":17},"end":{"line":29,"column":46}}]},"3":{"type":"branch","line":29,"loc":{"start":{"line":29,"column":37},"end":{"line":30,"column":72}},"locations":[{"start":{"line":29,"column":37},"end":{"line":30,"column":72}}]},"4":{"type":"branch","line":37,"loc":{"start":{"line":37,"column":0},"end":{"line":44,"column":1}},"locations":[{"start":{"line":37,"column":0},"end":{"line":44,"column":1}}]},"5":{"type":"branch","line":39,"loc":{"start":{"line":39,"column":46},"end":{"line":39,"column":53}},"locations":[{"start":{"line":39,"column":46},"end":{"line":39,"column":53}}]},"6":{"type":"branch","line":40,"loc":{"start":{"line":40,"column":34},"end":{"line":40,"column":64}},"locations":[{"start":{"line":40,"column":34},"end":{"line":40,"column":64}}]},"7":{"type":"branch","line":41,"loc":{"start":{"line":41,"column":22},"end":{"line":42,"column":51}},"locations":[{"start":{"line":41,"column":22},"end":{"line":42,"column":51}}]}},"b":{"0":[3],"1":[3],"2":[0],"3":[0],"4":[3],"5":[0],"6":[0],"7":[0]},"fnMap":{"0":{"name":"Avatar2","decl":{"start":{"line":7,"column":2},"end":{"line":19,"column":3}},"loc":{"start":{"line":7,"column":2},"end":{"line":19,"column":3}},"line":7},"1":{"name":"AvatarFallback2","decl":{"start":{"line":23,"column":2},"end":{"line":34,"column":3}},"loc":{"start":{"line":23,"column":2},"end":{"line":34,"column":3}},"line":23},"2":{"name":"getInitials","decl":{"start":{"line":37,"column":0},"end":{"line":44,"column":1}},"loc":{"start":{"line":37,"column":0},"end":{"line":44,"column":1}},"line":37},"3":{"name":"AvatarGroup2","decl":{"start":{"line":47,"column":2},"end":{"line":54,"column":3}},"loc":{"start":{"line":47,"column":2},"end":{"line":54,"column":3}},"line":47}},"f":{"0":3,"1":3,"2":3,"3":0}}
,"/home/borgesjonas/Projects/Testes/to-do-list/src/components/avatar/types.ts": {"path":"/home/borgesjonas/Projects/Testes/to-do-list/src/components/avatar/types.ts","all":true,"statementMap":{},"s":{},"branchMap":{"0":{"type":"branch","line":1,"loc":{"start":{"line":1,"column":613},"end":{"line":22,"column":32}},"locations":[{"start":{"line":1,"column":613},"end":{"line":22,"column":32}}]}},"b":{"0":[1]},"fnMap":{"0":{"name":"(empty-report)","decl":{"start":{"line":1,"column":613},"end":{"line":22,"column":32}},"loc":{"start":{"line":1,"column":613},"end":{"line":22,"column":32}},"line":1}},"f":{"0":1}}
,"/home/borgesjonas/Projects/Testes/to-do-list/src/components/button/index.tsx": {"path":"/home/borgesjonas/Projects/Testes/to-do-list/src/components/button/index.tsx","all":false,"statementMap":{"0":{"start":{"line":1,"column":0},"end":{"line":1,"column":8}},"10":{"start":{"line":11,"column":0},"end":{"line":11,"column":71}},"11":{"start":{"line":12,"column":0},"end":{"line":12,"column":31}},"12":{"start":{"line":13,"column":0},"end":{"line":13,"column":11}},"13":{"start":{"line":14,"column":0},"end":{"line":14,"column":16}},"14":{"start":{"line":15,"column":0},"end":{"line":15,"column":34}},"15":{"start":{"line":16,"column":0},"end":{"line":16,"column":18}},"16":{"start":{"line":17,"column":0},"end":{"line":17,"column":15}},"17":{"start":{"line":18,"column":0},"end":{"line":18,"column":13}},"18":{"start":{"line":19,"column":0},"end":{"line":19,"column":14}},"19":{"start":{"line":20,"column":0},"end":{"line":20,"column":52}},"21":{"start":{"line":22,"column":0},"end":{"line":22,"column":12}},"22":{"start":{"line":23,"column":0},"end":{"line":23,"column":62}},"23":{"start":{"line":24,"column":0},"end":{"line":24,"column":38}},"24":{"start":{"line":25,"column":0},"end":{"line":25,"column":12}},"25":{"start":{"line":26,"column":0},"end":{"line":26,"column":50}},"26":{"start":{"line":27,"column":0},"end":{"line":27,"column":22}},"27":{"start":{"line":28,"column":0},"end":{"line":28,"column":30}},"28":{"start":{"line":29,"column":0},"end":{"line":29,"column":31}},"29":{"start":{"line":30,"column":0},"end":{"line":30,"column":44}},"30":{"start":{"line":31,"column":0},"end":{"line":31,"column":16}},"31":{"start":{"line":32,"column":0},"end":{"line":32,"column":29}},"32":{"start":{"line":33,"column":0},"end":{"line":33,"column":47}},"33":{"start":{"line":34,"column":0},"end":{"line":34,"column":13}},"34":{"start":{"line":35,"column":0},"end":{"line":35,"column":40}},"35":{"start":{"line":36,"column":0},"end":{"line":36,"column":12}},"36":{"start":{"line":37,"column":0},"end":{"line":37,"column":54}},"37":{"start":{"line":38,"column":0},"end":{"line":38,"column":25}},"38":{"start":{"line":39,"column":0},"end":{"line":39,"column":13}},"40":{"start":{"line":41,"column":0},"end":{"line":41,"column":18}},"42":{"start":{"line":43,"column":0},"end":{"line":43,"column":21}},"44":{"start":{"line":45,"column":0},"end":{"line":45,"column":3}},"45":{"start":{"line":46,"column":0},"end":{"line":46,"column":2}}},"s":{"0":1,"10":1,"11":1,"12":131,"13":131,"14":131,"15":131,"16":131,"17":131,"18":131,"19":131,"21":131,"22":131,"23":131,"24":8,"25":8,"26":8,"27":8,"28":8,"29":8,"30":8,"31":8,"32":8,"33":8,"34":123,"35":1,"36":1,"37":1,"38":1,"40":122,"42":131,"44":131,"45":1},"branchMap":{"0":{"type":"branch","line":12,"loc":{"start":{"line":12,"column":2},"end":{"line":45,"column":3}},"locations":[{"start":{"line":12,"column":2},"end":{"line":45,"column":3}}]},"1":{"type":"branch","line":20,"loc":{"start":{"line":20,"column":23},"end":{"line":20,"column":52}},"locations":[{"start":{"line":20,"column":23},"end":{"line":20,"column":52}}]},"2":{"type":"branch","line":24,"loc":{"start":{"line":24,"column":9},"end":{"line":24,"column":38}},"locations":[{"start":{"line":24,"column":9},"end":{"line":24,"column":38}}]},"3":{"type":"branch","line":24,"loc":{"start":{"line":24,"column":23},"end":{"line":34,"column":13}},"locations":[{"start":{"line":24,"column":23},"end":{"line":34,"column":13}}]},"4":{"type":"branch","line":34,"loc":{"start":{"line":34,"column":10},"end":{"line":41,"column":18}},"locations":[{"start":{"line":34,"column":10},"end":{"line":41,"column":18}}]},"5":{"type":"branch","line":35,"loc":{"start":{"line":35,"column":12},"end":{"line":35,"column":40}},"locations":[{"start":{"line":35,"column":12},"end":{"line":35,"column":40}}]},"6":{"type":"branch","line":35,"loc":{"start":{"line":35,"column":25},"end":{"line":39,"column":13}},"locations":[{"start":{"line":35,"column":25},"end":{"line":39,"column":13}}]},"7":{"type":"branch","line":39,"loc":{"start":{"line":39,"column":10},"end":{"line":41,"column":18}},"locations":[{"start":{"line":39,"column":10},"end":{"line":41,"column":18}}]}},"b":{"0":[131],"1":[122],"2":[9],"3":[8],"4":[123],"5":[1],"6":[1],"7":[122]},"fnMap":{"0":{"name":"Button2","decl":{"start":{"line":12,"column":2},"end":{"line":45,"column":3}},"loc":{"start":{"line":12,"column":2},"end":{"line":45,"column":3}},"line":12}},"f":{"0":131}}
,"/home/borgesjonas/Projects/Testes/to-do-list/src/components/button/types.ts": {"path":"/home/borgesjonas/Projects/Testes/to-do-list/src/components/button/types.ts","all":true,"statementMap":{},"s":{},"branchMap":{"0":{"type":"branch","line":1,"loc":{"start":{"line":1,"column":213},"end":{"line":7,"column":1}},"locations":[{"start":{"line":1,"column":213},"end":{"line":7,"column":1}}]}},"b":{"0":[1]},"fnMap":{"0":{"name":"(empty-report)","decl":{"start":{"line":1,"column":213},"end":{"line":7,"column":1}},"loc":{"start":{"line":1,"column":213},"end":{"line":7,"column":1}},"line":1}},"f":{"0":1}}
,"/home/borgesjonas/Projects/Testes/to-do-list/src/components/drawer/index.tsx": {"path":"/home/borgesjonas/Projects/Testes/to-do-list/src/components/drawer/index.tsx","all":false,"statementMap":{"0":{"start":{"line":1,"column":0},"end":{"line":1,"column":31}},"6":{"start":{"line":7,"column":0},"end":{"line":7,"column":46}},"9":{"start":{"line":10,"column":0},"end":{"line":10,"column":38}},"10":{"start":{"line":11,"column":0},"end":{"line":11,"column":75}},"11":{"start":{"line":12,"column":0},"end":{"line":12,"column":10}},"12":{"start":{"line":13,"column":0},"end":{"line":13,"column":56}},"13":{"start":{"line":14,"column":0},"end":{"line":14,"column":48}},"14":{"start":{"line":15,"column":0},"end":{"line":15,"column":66}},"15":{"start":{"line":16,"column":0},"end":{"line":16,"column":20}},"16":{"start":{"line":17,"column":0},"end":{"line":17,"column":31}},"17":{"start":{"line":18,"column":0},"end":{"line":18,"column":32}},"18":{"start":{"line":19,"column":0},"end":{"line":19,"column":13}},"20":{"start":{"line":21,"column":0},"end":{"line":21,"column":3}},"22":{"start":{"line":23,"column":0},"end":{"line":23,"column":51}},"25":{"start":{"line":26,"column":0},"end":{"line":26,"column":43}},"26":{"start":{"line":27,"column":0},"end":{"line":27,"column":10}},"27":{"start":{"line":28,"column":0},"end":{"line":28,"column":30}},"28":{"start":{"line":29,"column":0},"end":{"line":29,"column":25}},"29":{"start":{"line":30,"column":0},"end":{"line":30,"column":13}},"30":{"start":{"line":31,"column":0},"end":{"line":31,"column":18}},"31":{"start":{"line":32,"column":0},"end":{"line":32,"column":16}},"32":{"start":{"line":33,"column":0},"end":{"line":33,"column":13}},"34":{"start":{"line":35,"column":0},"end":{"line":35,"column":41}},"35":{"start":{"line":36,"column":0},"end":{"line":36,"column":32}},"37":{"start":{"line":38,"column":0},"end":{"line":38,"column":3}},"39":{"start":{"line":40,"column":0},"end":{"line":40,"column":50}},"40":{"start":{"line":41,"column":0},"end":{"line":41,"column":44}},"41":{"start":{"line":42,"column":0},"end":{"line":42,"column":48}},"42":{"start":{"line":43,"column":0},"end":{"line":43,"column":48}},"43":{"start":{"line":44,"column":0},"end":{"line":44,"column":44}},"44":{"start":{"line":45,"column":0},"end":{"line":45,"column":52}},"45":{"start":{"line":46,"column":0},"end":{"line":46,"column":58}},"46":{"start":{"line":47,"column":0},"end":{"line":47,"column":46}},"47":{"start":{"line":48,"column":0},"end":{"line":48,"column":62}}},"s":{"0":1,"6":1,"9":1,"10":103,"11":103,"12":103,"13":103,"14":103,"15":103,"16":103,"17":103,"18":103,"20":103,"22":1,"25":1,"26":15,"27":15,"28":15,"29":15,"30":15,"31":15,"32":15,"34":15,"35":15,"37":15,"39":1,"40":1,"41":1,"42":1,"43":1,"44":1,"45":1,"46":1,"47":1},"branchMap":{"0":{"type":"branch","line":10,"loc":{"start":{"line":10,"column":2},"end":{"line":21,"column":3}},"locations":[{"start":{"line":10,"column":2},"end":{"line":21,"column":3}}]},"1":{"type":"branch","line":26,"loc":{"start":{"line":26,"column":2},"end":{"line":38,"column":3}},"locations":[{"start":{"line":26,"column":2},"end":{"line":38,"column":3}}]}},"b":{"0":[103],"1":[15]},"fnMap":{"0":{"name":"DrawerContent2","decl":{"start":{"line":10,"column":2},"end":{"line":21,"column":3}},"loc":{"start":{"line":10,"column":2},"end":{"line":21,"column":3}},"line":10},"1":{"name":"DrawerCloseTrigger2","decl":{"start":{"line":26,"column":2},"end":{"line":38,"column":3}},"loc":{"start":{"line":26,"column":2},"end":{"line":38,"column":3}},"line":26}},"f":{"0":103,"1":15}}
,"/home/borgesjonas/Projects/Testes/to-do-list/src/components/drawer/types.ts": {"path":"/home/borgesjonas/Projects/Testes/to-do-list/src/components/drawer/types.ts","all":true,"statementMap":{},"s":{},"branchMap":{"0":{"type":"branch","line":1,"loc":{"start":{"line":1,"column":249},"end":{"line":7,"column":1}},"locations":[{"start":{"line":1,"column":249},"end":{"line":7,"column":1}}]}},"b":{"0":[1]},"fnMap":{"0":{"name":"(empty-report)","decl":{"start":{"line":1,"column":249},"end":{"line":7,"column":1}},"loc":{"start":{"line":1,"column":249},"end":{"line":7,"column":1}},"line":1}},"f":{"0":1}}
,"/home/borgesjonas/Projects/Testes/to-do-list/src/components/drawer/components/close-button/index.tsx": {"path":"/home/borgesjonas/Projects/Testes/to-do-list/src/components/drawer/components/close-button/index.tsx","all":false,"statementMap":{"0":{"start":{"line":1,"column":0},"end":{"line":1,"column":78}},"5":{"start":{"line":6,"column":0},"end":{"line":6,"column":44}},"8":{"start":{"line":9,"column":0},"end":{"line":9,"column":36}},"9":{"start":{"line":10,"column":0},"end":{"line":10,"column":10}},"10":{"start":{"line":11,"column":0},"end":{"line":11,"column":78}},"11":{"start":{"line":12,"column":0},"end":{"line":12,"column":33}},"12":{"start":{"line":13,"column":0},"end":{"line":13,"column":23}},"14":{"start":{"line":15,"column":0},"end":{"line":15,"column":3}}},"s":{"0":1,"5":1,"8":1,"9":19,"10":19,"11":19,"12":19,"14":19},"branchMap":{"0":{"type":"branch","line":9,"loc":{"start":{"line":9,"column":2},"end":{"line":15,"column":3}},"locations":[{"start":{"line":9,"column":2},"end":{"line":15,"column":3}}]}},"b":{"0":[19]},"fnMap":{"0":{"name":"CloseButton2","decl":{"start":{"line":9,"column":2},"end":{"line":15,"column":3}},"loc":{"start":{"line":9,"column":2},"end":{"line":15,"column":3}},"line":9}},"f":{"0":19}}
,"/home/borgesjonas/Projects/Testes/to-do-list/src/components/field/index.tsx": {"path":"/home/borgesjonas/Projects/Testes/to-do-list/src/components/field/index.tsx","all":false,"statementMap":{"0":{"start":{"line":1,"column":0},"end":{"line":1,"column":31}},"5":{"start":{"line":6,"column":0},"end":{"line":6,"column":66}},"6":{"start":{"line":7,"column":0},"end":{"line":7,"column":30}},"7":{"start":{"line":8,"column":0},"end":{"line":8,"column":77}},"8":{"start":{"line":9,"column":0},"end":{"line":9,"column":12}},"9":{"start":{"line":10,"column":0},"end":{"line":10,"column":12}},"10":{"start":{"line":11,"column":0},"end":{"line":11,"column":44}},"11":{"start":{"line":12,"column":0},"end":{"line":12,"column":19}},"12":{"start":{"line":13,"column":0},"end":{"line":13,"column":29}},"13":{"start":{"line":14,"column":0},"end":{"line":14,"column":19}},"14":{"start":{"line":15,"column":0},"end":{"line":15,"column":69}},"15":{"start":{"line":16,"column":0},"end":{"line":16,"column":30}},"17":{"start":{"line":18,"column":0},"end":{"line":18,"column":18}},"18":{"start":{"line":19,"column":0},"end":{"line":19,"column":24}},"19":{"start":{"line":20,"column":0},"end":{"line":20,"column":71}},"21":{"start":{"line":22,"column":0},"end":{"line":22,"column":23}},"22":{"start":{"line":23,"column":0},"end":{"line":23,"column":68}},"24":{"start":{"line":25,"column":0},"end":{"line":25,"column":25}},"26":{"start":{"line":27,"column":0},"end":{"line":27,"column":3}},"27":{"start":{"line":28,"column":0},"end":{"line":28,"column":2}}},"s":{"0":1,"5":1,"6":1,"7":60,"8":60,"9":60,"10":60,"11":60,"12":32,"13":32,"14":32,"15":32,"17":60,"18":60,"19":0,"21":60,"22":1,"24":60,"26":60,"27":1},"branchMap":{"0":{"type":"branch","line":7,"loc":{"start":{"line":7,"column":2},"end":{"line":27,"column":3}},"locations":[{"start":{"line":7,"column":2},"end":{"line":27,"column":3}}]},"1":{"type":"branch","line":12,"loc":{"start":{"line":12,"column":9},"end":{"line":16,"column":30}},"locations":[{"start":{"line":12,"column":9},"end":{"line":16,"column":30}}]},"2":{"type":"branch","line":19,"loc":{"start":{"line":19,"column":9},"end":{"line":20,"column":71}},"locations":[{"start":{"line":19,"column":9},"end":{"line":20,"column":71}}]},"3":{"type":"branch","line":22,"loc":{"start":{"line":22,"column":9},"end":{"line":23,"column":68}},"locations":[{"start":{"line":22,"column":9},"end":{"line":23,"column":68}}]}},"b":{"0":[60],"1":[32],"2":[0],"3":[1]},"fnMap":{"0":{"name":"Field2","decl":{"start":{"line":7,"column":2},"end":{"line":27,"column":3}},"loc":{"start":{"line":7,"column":2},"end":{"line":27,"column":3}},"line":7}},"f":{"0":60}}
,"/home/borgesjonas/Projects/Testes/to-do-list/src/components/field/types.ts": {"path":"/home/borgesjonas/Projects/Testes/to-do-list/src/components/field/types.ts","all":true,"statementMap":{},"s":{},"branchMap":{"0":{"type":"branch","line":1,"loc":{"start":{"line":1,"column":258},"end":{"line":8,"column":1}},"locations":[{"start":{"line":1,"column":258},"end":{"line":8,"column":1}}]}},"b":{"0":[1]},"fnMap":{"0":{"name":"(empty-report)","decl":{"start":{"line":1,"column":258},"end":{"line":8,"column":1}},"loc":{"start":{"line":1,"column":258},"end":{"line":8,"column":1}},"line":1}},"f":{"0":1}}
,"/home/borgesjonas/Projects/Testes/to-do-list/src/components/pagination/index.tsx": {"path":"/home/borgesjonas/Projects/Testes/to-do-list/src/components/pagination/index.tsx","all":false,"statementMap":{"0":{"start":{"line":1,"column":0},"end":{"line":1,"column":8}},"23":{"start":{"line":24,"column":0},"end":{"line":24,"column":79}},"24":{"start":{"line":25,"column":0},"end":{"line":25,"column":28}},"25":{"start":{"line":26,"column":0},"end":{"line":26,"column":3}},"27":{"start":{"line":28,"column":0},"end":{"line":28,"column":65}},"28":{"start":{"line":29,"column":0},"end":{"line":29,"column":71}},"29":{"start":{"line":30,"column":0},"end":{"line":30,"column":71}},"30":{"start":{"line":31,"column":0},"end":{"line":31,"column":69}},"31":{"start":{"line":32,"column":0},"end":{"line":32,"column":2}},"33":{"start":{"line":34,"column":0},"end":{"line":34,"column":47}},"36":{"start":{"line":37,"column":0},"end":{"line":37,"column":39}},"37":{"start":{"line":38,"column":0},"end":{"line":38,"column":71}},"38":{"start":{"line":39,"column":0},"end":{"line":39,"column":10}},"39":{"start":{"line":40,"column":0},"end":{"line":40,"column":22}},"40":{"start":{"line":41,"column":0},"end":{"line":41,"column":64}},"42":{"start":{"line":43,"column":0},"end":{"line":43,"column":28}},"43":{"start":{"line":44,"column":0},"end":{"line":44,"column":17}},"44":{"start":{"line":45,"column":0},"end":{"line":45,"column":42}},"45":{"start":{"line":46,"column":0},"end":{"line":46,"column":17}},"46":{"start":{"line":47,"column":0},"end":{"line":47,"column":8}},"47":{"start":{"line":48,"column":0},"end":{"line":48,"column":24}},"49":{"start":{"line":50,"column":0},"end":{"line":50,"column":3}},"51":{"start":{"line":52,"column":0},"end":{"line":52,"column":51}},"54":{"start":{"line":55,"column":0},"end":{"line":55,"column":43}},"55":{"start":{"line":56,"column":0},"end":{"line":56,"column":46}},"56":{"start":{"line":57,"column":0},"end":{"line":57,"column":10}},"57":{"start":{"line":58,"column":0},"end":{"line":58,"column":60}},"58":{"start":{"line":59,"column":0},"end":{"line":59,"column":66}},"59":{"start":{"line":60,"column":0},"end":{"line":60,"column":36}},"60":{"start":{"line":61,"column":0},"end":{"line":61,"column":15}},"61":{"start":{"line":62,"column":0},"end":{"line":62,"column":32}},"63":{"start":{"line":64,"column":0},"end":{"line":64,"column":3}},"65":{"start":{"line":66,"column":0},"end":{"line":66,"column":47}},"68":{"start":{"line":69,"column":0},"end":{"line":69,"column":39}},"69":{"start":{"line":70,"column":0},"end":{"line":70,"column":42}},"70":{"start":{"line":71,"column":0},"end":{"line":71,"column":55}},"72":{"start":{"line":73,"column":0},"end":{"line":73,"column":39}},"73":{"start":{"line":74,"column":0},"end":{"line":74,"column":68}},"75":{"start":{"line":76,"column":0},"end":{"line":76,"column":16}},"76":{"start":{"line":77,"column":0},"end":{"line":77,"column":12}},"77":{"start":{"line":78,"column":0},"end":{"line":78,"column":76}},"78":{"start":{"line":79,"column":0},"end":{"line":79,"column":21}},"79":{"start":{"line":80,"column":0},"end":{"line":80,"column":19}},"81":{"start":{"line":82,"column":0},"end":{"line":82,"column":3}},"83":{"start":{"line":84,"column":0},"end":{"line":84,"column":10}},"84":{"start":{"line":85,"column":0},"end":{"line":85,"column":56}},"85":{"start":{"line":86,"column":0},"end":{"line":86,"column":44}},"86":{"start":{"line":87,"column":0},"end":{"line":87,"column":21}},"87":{"start":{"line":88,"column":0},"end":{"line":88,"column":15}},"88":{"start":{"line":89,"column":0},"end":{"line":89,"column":28}},"90":{"start":{"line":91,"column":0},"end":{"line":91,"column":3}},"92":{"start":{"line":93,"column":0},"end":{"line":93,"column":54}},"95":{"start":{"line":96,"column":0},"end":{"line":96,"column":46}},"96":{"start":{"line":97,"column":0},"end":{"line":97,"column":55}},"97":{"start":{"line":98,"column":0},"end":{"line":98,"column":50}},"99":{"start":{"line":100,"column":0},"end":{"line":100,"column":16}},"100":{"start":{"line":101,"column":0},"end":{"line":101,"column":12}},"101":{"start":{"line":102,"column":0},"end":{"line":102,"column":17}},"102":{"start":{"line":103,"column":0},"end":{"line":103,"column":71}},"103":{"start":{"line":104,"column":0},"end":{"line":104,"column":36}},"104":{"start":{"line":105,"column":0},"end":{"line":105,"column":19}},"106":{"start":{"line":107,"column":0},"end":{"line":107,"column":25}},"107":{"start":{"line":108,"column":0},"end":{"line":108,"column":19}},"109":{"start":{"line":110,"column":0},"end":{"line":110,"column":3}},"111":{"start":{"line":112,"column":0},"end":{"line":112,"column":10}},"112":{"start":{"line":113,"column":0},"end":{"line":113,"column":63}},"113":{"start":{"line":114,"column":0},"end":{"line":114,"column":59}},"114":{"start":{"line":115,"column":0},"end":{"line":115,"column":25}},"115":{"start":{"line":116,"column":0},"end":{"line":116,"column":19}},"116":{"start":{"line":117,"column":0},"end":{"line":117,"column":35}},"118":{"start":{"line":119,"column":0},"end":{"line":119,"column":3}},"120":{"start":{"line":121,"column":0},"end":{"line":121,"column":54}},"123":{"start":{"line":124,"column":0},"end":{"line":124,"column":46}},"124":{"start":{"line":125,"column":0},"end":{"line":125,"column":55}},"125":{"start":{"line":126,"column":0},"end":{"line":126,"column":46}},"127":{"start":{"line":128,"column":0},"end":{"line":128,"column":16}},"128":{"start":{"line":129,"column":0},"end":{"line":129,"column":12}},"129":{"start":{"line":130,"column":0},"end":{"line":130,"column":17}},"130":{"start":{"line":131,"column":0},"end":{"line":131,"column":63}},"131":{"start":{"line":132,"column":0},"end":{"line":132,"column":36}},"132":{"start":{"line":133,"column":0},"end":{"line":133,"column":19}},"134":{"start":{"line":135,"column":0},"end":{"line":135,"column":26}},"135":{"start":{"line":136,"column":0},"end":{"line":136,"column":19}},"137":{"start":{"line":138,"column":0},"end":{"line":138,"column":3}},"139":{"start":{"line":140,"column":0},"end":{"line":140,"column":10}},"140":{"start":{"line":141,"column":0},"end":{"line":141,"column":63}},"141":{"start":{"line":142,"column":0},"end":{"line":142,"column":59}},"142":{"start":{"line":143,"column":0},"end":{"line":143,"column":26}},"143":{"start":{"line":144,"column":0},"end":{"line":144,"column":19}},"144":{"start":{"line":145,"column":0},"end":{"line":145,"column":35}},"146":{"start":{"line":147,"column":0},"end":{"line":147,"column":3}},"148":{"start":{"line":149,"column":0},"end":{"line":149,"column":78}},"149":{"start":{"line":150,"column":0},"end":{"line":150,"column":10}},"150":{"start":{"line":151,"column":0},"end":{"line":151,"column":30}},"151":{"start":{"line":152,"column":0},"end":{"line":152,"column":21}},"152":{"start":{"line":153,"column":0},"end":{"line":153,"column":36}},"153":{"start":{"line":154,"column":0},"end":{"line":154,"column":45}},"154":{"start":{"line":155,"column":0},"end":{"line":155,"column":71}},"156":{"start":{"line":157,"column":0},"end":{"line":157,"column":27}},"157":{"start":{"line":158,"column":0},"end":{"line":158,"column":25}},"158":{"start":{"line":159,"column":0},"end":{"line":159,"column":25}},"159":{"start":{"line":160,"column":0},"end":{"line":160,"column":32}},"160":{"start":{"line":161,"column":0},"end":{"line":161,"column":24}},"161":{"start":{"line":162,"column":0},"end":{"line":162,"column":14}},"163":{"start":{"line":164,"column":0},"end":{"line":164,"column":10}},"165":{"start":{"line":166,"column":0},"end":{"line":166,"column":31}},"167":{"start":{"line":168,"column":0},"end":{"line":168,"column":2}},"169":{"start":{"line":170,"column":0},"end":{"line":170,"column":51}},"172":{"start":{"line":173,"column":0},"end":{"line":173,"column":43}},"173":{"start":{"line":174,"column":0},"end":{"line":174,"column":48}},"174":{"start":{"line":175,"column":0},"end":{"line":175,"column":72}},"175":{"start":{"line":176,"column":0},"end":{"line":176,"column":39}},"176":{"start":{"line":177,"column":0},"end":{"line":177,"column":61}},"177":{"start":{"line":178,"column":0},"end":{"line":178,"column":64}},"178":{"start":{"line":179,"column":0},"end":{"line":179,"column":67}},"179":{"start":{"line":180,"column":0},"end":{"line":180,"column":51}},"181":{"start":{"line":182,"column":0},"end":{"line":182,"column":10}},"182":{"start":{"line":183,"column":0},"end":{"line":183,"column":50}},"183":{"start":{"line":184,"column":0},"end":{"line":184,"column":15}},"184":{"start":{"line":185,"column":0},"end":{"line":185,"column":11}},"186":{"start":{"line":187,"column":0},"end":{"line":187,"column":3}}},"s":{"0":1,"23":1,"24":1,"25":1,"27":1,"28":1,"29":1,"30":1,"31":1,"33":1,"36":1,"37":28,"38":28,"39":28,"40":28,"42":28,"43":28,"44":28,"45":28,"46":28,"47":28,"49":28,"51":1,"54":1,"55":0,"56":0,"57":0,"58":0,"59":0,"60":0,"61":0,"63":0,"65":1,"68":1,"69":10,"70":10,"72":10,"73":10,"75":10,"76":0,"77":0,"78":0,"79":0,"81":0,"83":10,"84":10,"85":10,"86":10,"87":10,"88":10,"90":10,"92":1,"95":1,"96":34,"97":34,"99":34,"100":0,"101":0,"102":0,"103":0,"104":0,"106":0,"107":0,"109":0,"111":34,"112":34,"113":34,"114":34,"115":34,"116":34,"118":34,"120":1,"123":1,"124":34,"125":34,"127":34,"128":0,"129":0,"130":0,"131":0,"132":0,"134":0,"135":0,"137":0,"139":34,"140":34,"141":34,"142":34,"143":34,"144":34,"146":34,"148":1,"149":28,"150":28,"151":28,"152":34,"153":10,"154":0,"156":10,"157":10,"158":10,"159":10,"160":10,"161":10,"163":34,"165":28,"167":28,"169":1,"172":1,"173":0,"174":0,"175":0,"176":0,"177":0,"178":0,"179":0,"181":0,"182":0,"183":0,"184":0,"186":0},"branchMap":{"0":{"type":"branch","line":37,"loc":{"start":{"line":37,"column":2},"end":{"line":50,"column":3}},"locations":[{"start":{"line":37,"column":2},"end":{"line":50,"column":3}}]},"1":{"type":"branch","line":45,"loc":{"start":{"line":45,"column":14},"end":{"line":45,"column":33}},"locations":[{"start":{"line":45,"column":14},"end":{"line":45,"column":33}}]},"2":{"type":"branch","line":69,"loc":{"start":{"line":69,"column":2},"end":{"line":91,"column":3}},"locations":[{"start":{"line":69,"column":2},"end":{"line":91,"column":3}}]},"3":{"type":"branch","line":74,"loc":{"start":{"line":74,"column":39},"end":{"line":74,"column":68}},"locations":[{"start":{"line":74,"column":39},"end":{"line":74,"column":68}}]},"4":{"type":"branch","line":76,"loc":{"start":{"line":76,"column":15},"end":{"line":82,"column":3}},"locations":[{"start":{"line":76,"column":15},"end":{"line":82,"column":3}}]},"5":{"type":"branch","line":96,"loc":{"start":{"line":96,"column":2},"end":{"line":119,"column":3}},"locations":[{"start":{"line":96,"column":2},"end":{"line":119,"column":3}}]},"6":{"type":"branch","line":100,"loc":{"start":{"line":100,"column":15},"end":{"line":110,"column":3}},"locations":[{"start":{"line":100,"column":15},"end":{"line":110,"column":3}}]},"7":{"type":"branch","line":124,"loc":{"start":{"line":124,"column":2},"end":{"line":147,"column":3}},"locations":[{"start":{"line":124,"column":2},"end":{"line":147,"column":3}}]},"8":{"type":"branch","line":128,"loc":{"start":{"line":128,"column":15},"end":{"line":138,"column":3}},"locations":[{"start":{"line":128,"column":15},"end":{"line":138,"column":3}}]},"9":{"type":"branch","line":149,"loc":{"start":{"line":149,"column":31},"end":{"line":168,"column":2}},"locations":[{"start":{"line":149,"column":31},"end":{"line":168,"column":2}}]},"10":{"type":"branch","line":152,"loc":{"start":{"line":152,"column":7},"end":{"line":164,"column":10}},"locations":[{"start":{"line":152,"column":7},"end":{"line":164,"column":10}}]},"11":{"type":"branch","line":153,"loc":{"start":{"line":153,"column":18},"end":{"line":164,"column":9}},"locations":[{"start":{"line":153,"column":18},"end":{"line":164,"column":9}}]},"12":{"type":"branch","line":154,"loc":{"start":{"line":154,"column":31},"end":{"line":155,"column":71}},"locations":[{"start":{"line":154,"column":31},"end":{"line":155,"column":71}}]}},"b":{"0":[28],"1":[0],"2":[10],"3":[0],"4":[0],"5":[34],"6":[0],"7":[34],"8":[0],"9":[28],"10":[34],"11":[10],"12":[0]},"fnMap":{"0":{"name":"PaginationRoot2","decl":{"start":{"line":37,"column":2},"end":{"line":50,"column":3}},"loc":{"start":{"line":37,"column":2},"end":{"line":50,"column":3}},"line":37},"1":{"name":"PaginationEllipsis2","decl":{"start":{"line":55,"column":2},"end":{"line":64,"column":3}},"loc":{"start":{"line":55,"column":2},"end":{"line":64,"column":3}},"line":55},"2":{"name":"PaginationItem2","decl":{"start":{"line":69,"column":2},"end":{"line":91,"column":3}},"loc":{"start":{"line":69,"column":2},"end":{"line":91,"column":3}},"line":69},"3":{"name":"PaginationPrevTrigger2","decl":{"start":{"line":96,"column":2},"end":{"line":119,"column":3}},"loc":{"start":{"line":96,"column":2},"end":{"line":119,"column":3}},"line":96},"4":{"name":"PaginationNextTrigger2","decl":{"start":{"line":124,"column":2},"end":{"line":147,"column":3}},"loc":{"start":{"line":124,"column":2},"end":{"line":147,"column":3}},"line":124},"5":{"name":"PaginationItems","decl":{"start":{"line":149,"column":31},"end":{"line":168,"column":2}},"loc":{"start":{"line":149,"column":31},"end":{"line":168,"column":2}},"line":149},"6":{"name":"children","decl":{"start":{"line":152,"column":7},"end":{"line":164,"column":10}},"loc":{"start":{"line":152,"column":7},"end":{"line":164,"column":10}},"line":152},"7":{"name":"PaginationPageText2","decl":{"start":{"line":173,"column":2},"end":{"line":187,"column":3}},"loc":{"start":{"line":173,"column":2},"end":{"line":187,"column":3}},"line":173}},"f":{"0":28,"1":0,"2":10,"3":34,"4":34,"5":28,"6":34,"7":0}}
,"/home/borgesjonas/Projects/Testes/to-do-list/src/components/pagination/types.ts": {"path":"/home/borgesjonas/Projects/Testes/to-do-list/src/components/pagination/types.ts","all":true,"statementMap":{},"s":{},"branchMap":{"0":{"type":"branch","line":1,"loc":{"start":{"line":1,"column":769},"end":{"line":27,"column":1}},"locations":[{"start":{"line":1,"column":769},"end":{"line":27,"column":1}}]}},"b":{"0":[1]},"fnMap":{"0":{"name":"(empty-report)","decl":{"start":{"line":1,"column":769},"end":{"line":27,"column":1}},"loc":{"start":{"line":1,"column":769},"end":{"line":27,"column":1}},"line":1}},"f":{"0":1}}
,"/home/borgesjonas/Projects/Testes/to-do-list/src/components/pagination/link-button/index.tsx": {"path":"/home/borgesjonas/Projects/Testes/to-do-list/src/components/pagination/link-button/index.tsx","all":false,"statementMap":{"0":{"start":{"line":1,"column":0},"end":{"line":1,"column":55}},"3":{"start":{"line":4,"column":0},"end":{"line":4,"column":63}},"6":{"start":{"line":7,"column":0},"end":{"line":7,"column":79}}},"s":{"0":1,"3":1,"6":1},"branchMap":{},"b":{},"fnMap":{},"f":{}}
,"/home/borgesjonas/Projects/Testes/to-do-list/src/components/pagination/link-button/types.ts": {"path":"/home/borgesjonas/Projects/Testes/to-do-list/src/components/pagination/link-button/types.ts","all":true,"statementMap":{},"s":{},"branchMap":{"0":{"type":"branch","line":1,"loc":{"start":{"line":1,"column":145},"end":{"line":3,"column":74}},"locations":[{"start":{"line":1,"column":145},"end":{"line":3,"column":74}}]}},"b":{"0":[1]},"fnMap":{"0":{"name":"(empty-report)","decl":{"start":{"line":1,"column":145},"end":{"line":3,"column":74}},"loc":{"start":{"line":1,"column":145},"end":{"line":3,"column":74}},"line":1}},"f":{"0":1}}
,"/home/borgesjonas/Projects/Testes/to-do-list/src/components/popover/index.tsx": {"path":"/home/borgesjonas/Projects/Testes/to-do-list/src/components/popover/index.tsx","all":false,"statementMap":{"0":{"start":{"line":1,"column":0},"end":{"line":1,"column":31}},"5":{"start":{"line":6,"column":0},"end":{"line":6,"column":47}},"8":{"start":{"line":9,"column":0},"end":{"line":9,"column":39}},"9":{"start":{"line":10,"column":0},"end":{"line":10,"column":57}},"10":{"start":{"line":11,"column":0},"end":{"line":11,"column":10}},"11":{"start":{"line":12,"column":0},"end":{"line":12,"column":56}},"12":{"start":{"line":13,"column":0},"end":{"line":13,"column":32}},"13":{"start":{"line":14,"column":0},"end":{"line":14,"column":53}},"14":{"start":{"line":15,"column":0},"end":{"line":15,"column":33}},"15":{"start":{"line":16,"column":0},"end":{"line":16,"column":13}},"17":{"start":{"line":18,"column":0},"end":{"line":18,"column":3}},"19":{"start":{"line":20,"column":0},"end":{"line":20,"column":45}},"22":{"start":{"line":23,"column":0},"end":{"line":23,"column":37}},"23":{"start":{"line":24,"column":0},"end":{"line":24,"column":10}},"24":{"start":{"line":25,"column":0},"end":{"line":25,"column":46}},"25":{"start":{"line":26,"column":0},"end":{"line":26,"column":32}},"26":{"start":{"line":27,"column":0},"end":{"line":27,"column":26}},"28":{"start":{"line":29,"column":0},"end":{"line":29,"column":3}},"30":{"start":{"line":31,"column":0},"end":{"line":31,"column":52}},"33":{"start":{"line":34,"column":0},"end":{"line":34,"column":44}},"34":{"start":{"line":35,"column":0},"end":{"line":35,"column":10}},"35":{"start":{"line":36,"column":0},"end":{"line":36,"column":31}},"36":{"start":{"line":37,"column":0},"end":{"line":37,"column":25}},"37":{"start":{"line":38,"column":0},"end":{"line":38,"column":13}},"38":{"start":{"line":39,"column":0},"end":{"line":39,"column":18}},"39":{"start":{"line":40,"column":0},"end":{"line":40,"column":16}},"40":{"start":{"line":41,"column":0},"end":{"line":41,"column":13}},"41":{"start":{"line":42,"column":0},"end":{"line":42,"column":15}},"43":{"start":{"line":44,"column":0},"end":{"line":44,"column":31}},"44":{"start":{"line":45,"column":0},"end":{"line":45,"column":33}},"46":{"start":{"line":47,"column":0},"end":{"line":47,"column":3}},"48":{"start":{"line":49,"column":0},"end":{"line":49,"column":48}},"49":{"start":{"line":50,"column":0},"end":{"line":50,"column":60}},"50":{"start":{"line":51,"column":0},"end":{"line":51,"column":50}},"51":{"start":{"line":52,"column":0},"end":{"line":52,"column":50}},"52":{"start":{"line":53,"column":0},"end":{"line":53,"column":46}},"53":{"start":{"line":54,"column":0},"end":{"line":54,"column":46}},"54":{"start":{"line":55,"column":0},"end":{"line":55,"column":52}}},"s":{"0":1,"5":1,"8":1,"9":20,"10":20,"11":20,"12":20,"13":20,"14":20,"15":20,"17":20,"19":1,"22":1,"23":20,"24":20,"25":20,"26":20,"28":20,"30":1,"33":1,"34":0,"35":0,"36":0,"37":0,"38":0,"39":0,"40":0,"41":0,"43":0,"44":0,"46":0,"48":1,"49":1,"50":1,"51":1,"52":1,"53":1,"54":1},"branchMap":{"0":{"type":"branch","line":9,"loc":{"start":{"line":9,"column":2},"end":{"line":18,"column":3}},"locations":[{"start":{"line":9,"column":2},"end":{"line":18,"column":3}}]},"1":{"type":"branch","line":23,"loc":{"start":{"line":23,"column":2},"end":{"line":29,"column":3}},"locations":[{"start":{"line":23,"column":2},"end":{"line":29,"column":3}}]}},"b":{"0":[20],"1":[20]},"fnMap":{"0":{"name":"PopoverContent2","decl":{"start":{"line":9,"column":2},"end":{"line":18,"column":3}},"loc":{"start":{"line":9,"column":2},"end":{"line":18,"column":3}},"line":9},"1":{"name":"PopoverArrow2","decl":{"start":{"line":23,"column":2},"end":{"line":29,"column":3}},"loc":{"start":{"line":23,"column":2},"end":{"line":29,"column":3}},"line":23},"2":{"name":"PopoverCloseTrigger2","decl":{"start":{"line":34,"column":2},"end":{"line":47,"column":3}},"loc":{"start":{"line":34,"column":2},"end":{"line":47,"column":3}},"line":34}},"f":{"0":20,"1":20,"2":0}}
,"/home/borgesjonas/Projects/Testes/to-do-list/src/components/popover/types.ts": {"path":"/home/borgesjonas/Projects/Testes/to-do-list/src/components/popover/types.ts","all":true,"statementMap":{},"s":{},"branchMap":{"0":{"type":"branch","line":1,"loc":{"start":{"line":1,"column":204},"end":{"line":6,"column":1}},"locations":[{"start":{"line":1,"column":204},"end":{"line":6,"column":1}}]}},"b":{"0":[1]},"fnMap":{"0":{"name":"(empty-report)","decl":{"start":{"line":1,"column":204},"end":{"line":6,"column":1}},"loc":{"start":{"line":1,"column":204},"end":{"line":6,"column":1}},"line":1}},"f":{"0":1}}
,"/home/borgesjonas/Projects/Testes/to-do-list/src/components/popover/components/close-button/index.tsx": {"path":"/home/borgesjonas/Projects/Testes/to-do-list/src/components/popover/components/close-button/index.tsx","all":false,"statementMap":{"0":{"start":{"line":1,"column":0},"end":{"line":1,"column":66}},"6":{"start":{"line":7,"column":0},"end":{"line":7,"column":44}},"9":{"start":{"line":10,"column":0},"end":{"line":10,"column":36}},"10":{"start":{"line":11,"column":0},"end":{"line":11,"column":10}},"11":{"start":{"line":12,"column":0},"end":{"line":12,"column":78}},"12":{"start":{"line":13,"column":0},"end":{"line":13,"column":33}},"13":{"start":{"line":14,"column":0},"end":{"line":14,"column":23}},"15":{"start":{"line":16,"column":0},"end":{"line":16,"column":3}}},"s":{"0":1,"6":1,"9":1,"10":0,"11":0,"12":0,"13":0,"15":0},"branchMap":{},"b":{},"fnMap":{"0":{"name":"CloseButton2","decl":{"start":{"line":10,"column":2},"end":{"line":16,"column":3}},"loc":{"start":{"line":10,"column":2},"end":{"line":16,"column":3}},"line":10}},"f":{"0":0}}
,"/home/borgesjonas/Projects/Testes/to-do-list/src/components/popover/components/close-button/types.ts": {"path":"/home/borgesjonas/Projects/Testes/to-do-list/src/components/popover/components/close-button/types.ts","all":true,"statementMap":{},"s":{},"branchMap":{"0":{"type":"branch","line":1,"loc":{"start":{"line":1,"column":134},"end":{"line":3,"column":54}},"locations":[{"start":{"line":1,"column":134},"end":{"line":3,"column":54}}]}},"b":{"0":[1]},"fnMap":{"0":{"name":"(empty-report)","decl":{"start":{"line":1,"column":134},"end":{"line":3,"column":54}},"loc":{"start":{"line":1,"column":134},"end":{"line":3,"column":54}},"line":1}},"f":{"0":1}}
,"/home/borgesjonas/Projects/Testes/to-do-list/src/components/provider/index.tsx": {"path":"/home/borgesjonas/Projects/Testes/to-do-list/src/components/provider/index.tsx","all":false,"statementMap":{"0":{"start":{"line":1,"column":0},"end":{"line":1,"column":13}},"8":{"start":{"line":9,"column":0},"end":{"line":9,"column":57}},"9":{"start":{"line":10,"column":0},"end":{"line":10,"column":10}},"10":{"start":{"line":11,"column":0},"end":{"line":11,"column":42}},"11":{"start":{"line":12,"column":0},"end":{"line":12,"column":38}},"12":{"start":{"line":13,"column":0},"end":{"line":13,"column":21}},"14":{"start":{"line":15,"column":0},"end":{"line":15,"column":1}}},"s":{"0":1,"8":1,"9":33,"10":33,"11":33,"12":33,"14":33},"branchMap":{"0":{"type":"branch","line":9,"loc":{"start":{"line":9,"column":7},"end":{"line":15,"column":1}},"locations":[{"start":{"line":9,"column":7},"end":{"line":15,"column":1}}]}},"b":{"0":[33]},"fnMap":{"0":{"name":"Provider","decl":{"start":{"line":9,"column":7},"end":{"line":15,"column":1}},"loc":{"start":{"line":9,"column":7},"end":{"line":15,"column":1}},"line":9}},"f":{"0":33}}
,"/home/borgesjonas/Projects/Testes/to-do-list/src/components/provider/components/color-mode-button/index.tsx": {"path":"/home/borgesjonas/Projects/Testes/to-do-list/src/components/provider/components/color-mode-button/index.tsx","all":false,"statementMap":{"0":{"start":{"line":1,"column":0},"end":{"line":1,"column":13}},"11":{"start":{"line":12,"column":0},"end":{"line":12,"column":66}},"12":{"start":{"line":13,"column":0},"end":{"line":13,"column":10}},"13":{"start":{"line":14,"column":0},"end":{"line":14,"column":76}},"15":{"start":{"line":16,"column":0},"end":{"line":16,"column":1}},"17":{"start":{"line":18,"column":0},"end":{"line":18,"column":32}},"18":{"start":{"line":19,"column":0},"end":{"line":19,"column":49}},"19":{"start":{"line":20,"column":0},"end":{"line":20,"column":33}},"20":{"start":{"line":21,"column":0},"end":{"line":21,"column":59}},"21":{"start":{"line":22,"column":0},"end":{"line":22,"column":4}},"22":{"start":{"line":23,"column":0},"end":{"line":23,"column":10}},"23":{"start":{"line":24,"column":0},"end":{"line":24,"column":29}},"24":{"start":{"line":25,"column":0},"end":{"line":25,"column":27}},"25":{"start":{"line":26,"column":0},"end":{"line":26,"column":20}},"26":{"start":{"line":27,"column":0},"end":{"line":27,"column":4}},"27":{"start":{"line":28,"column":0},"end":{"line":28,"column":1}},"29":{"start":{"line":30,"column":0},"end":{"line":30,"column":57}},"30":{"start":{"line":31,"column":0},"end":{"line":31,"column":39}},"31":{"start":{"line":32,"column":0},"end":{"line":32,"column":46}},"32":{"start":{"line":33,"column":0},"end":{"line":33,"column":1}},"34":{"start":{"line":35,"column":0},"end":{"line":35,"column":33}},"35":{"start":{"line":36,"column":0},"end":{"line":36,"column":39}},"36":{"start":{"line":37,"column":0},"end":{"line":37,"column":56}},"37":{"start":{"line":38,"column":0},"end":{"line":38,"column":1}},"41":{"start":{"line":42,"column":0},"end":{"line":42,"column":48}},"44":{"start":{"line":45,"column":0},"end":{"line":45,"column":40}},"45":{"start":{"line":46,"column":0},"end":{"line":46,"column":45}},"46":{"start":{"line":47,"column":0},"end":{"line":47,"column":10}},"47":{"start":{"line":48,"column":0},"end":{"line":48,"column":52}},"48":{"start":{"line":49,"column":0},"end":{"line":49,"column":17}},"49":{"start":{"line":50,"column":0},"end":{"line":50,"column":33}},"50":{"start":{"line":51,"column":0},"end":{"line":51,"column":23}},"51":{"start":{"line":52,"column":0},"end":{"line":52,"column":38}},"52":{"start":{"line":53,"column":0},"end":{"line":53,"column":17}},"53":{"start":{"line":54,"column":0},"end":{"line":54,"column":17}},"54":{"start":{"line":55,"column":0},"end":{"line":55,"column":18}},"55":{"start":{"line":56,"column":0},"end":{"line":56,"column":14}},"56":{"start":{"line":57,"column":0},"end":{"line":57,"column":18}},"57":{"start":{"line":58,"column":0},"end":{"line":58,"column":23}},"58":{"start":{"line":59,"column":0},"end":{"line":59,"column":24}},"59":{"start":{"line":60,"column":0},"end":{"line":60,"column":12}},"60":{"start":{"line":61,"column":0},"end":{"line":61,"column":10}},"62":{"start":{"line":63,"column":0},"end":{"line":63,"column":25}},"63":{"start":{"line":64,"column":0},"end":{"line":64,"column":19}},"64":{"start":{"line":65,"column":0},"end":{"line":65,"column":17}},"66":{"start":{"line":67,"column":0},"end":{"line":67,"column":3}}},"s":{"0":1,"11":1,"12":33,"13":33,"15":33,"17":1,"18":0,"19":0,"20":0,"21":0,"22":0,"23":0,"24":0,"25":0,"26":0,"27":0,"29":1,"30":0,"31":0,"32":0,"34":1,"35":0,"36":0,"37":0,"41":1,"44":1,"45":0,"46":0,"47":0,"48":0,"49":0,"50":0,"51":0,"52":0,"53":0,"54":0,"55":0,"56":0,"57":0,"58":0,"59":0,"60":0,"62":0,"63":0,"64":0,"66":0},"branchMap":{"0":{"type":"branch","line":12,"loc":{"start":{"line":12,"column":7},"end":{"line":16,"column":1}},"locations":[{"start":{"line":12,"column":7},"end":{"line":16,"column":1}}]}},"b":{"0":[33]},"fnMap":{"0":{"name":"ColorModeProvider","decl":{"start":{"line":12,"column":7},"end":{"line":16,"column":1}},"loc":{"start":{"line":12,"column":7},"end":{"line":16,"column":1}},"line":12},"1":{"name":"useColorMode","decl":{"start":{"line":18,"column":7},"end":{"line":28,"column":1}},"loc":{"start":{"line":18,"column":7},"end":{"line":28,"column":1}},"line":18},"2":{"name":"useColorModeValue","decl":{"start":{"line":30,"column":7},"end":{"line":33,"column":1}},"loc":{"start":{"line":30,"column":7},"end":{"line":33,"column":1}},"line":30},"3":{"name":"ColorModeIcon","decl":{"start":{"line":35,"column":7},"end":{"line":38,"column":1}},"loc":{"start":{"line":35,"column":7},"end":{"line":38,"column":1}},"line":35},"4":{"name":"ColorModeButton2","decl":{"start":{"line":45,"column":2},"end":{"line":67,"column":3}},"loc":{"start":{"line":45,"column":2},"end":{"line":67,"column":3}},"line":45}},"f":{"0":33,"1":0,"2":0,"3":0,"4":0}}
,"/home/borgesjonas/Projects/Testes/to-do-list/src/components/select/index.tsx": {"path":"/home/borgesjonas/Projects/Testes/to-do-list/src/components/select/index.tsx","all":false,"statementMap":{"0":{"start":{"line":1,"column":0},"end":{"line":1,"column":66}},"10":{"start":{"line":11,"column":0},"end":{"line":11,"column":46}},"13":{"start":{"line":14,"column":0},"end":{"line":14,"column":38}},"14":{"start":{"line":15,"column":0},"end":{"line":15,"column":49}},"15":{"start":{"line":16,"column":0},"end":{"line":16,"column":10}},"16":{"start":{"line":17,"column":0},"end":{"line":17,"column":36}},"17":{"start":{"line":18,"column":0},"end":{"line":18,"column":71}},"18":{"start":{"line":19,"column":0},"end":{"line":19,"column":35}},"19":{"start":{"line":20,"column":0},"end":{"line":20,"column":45}},"20":{"start":{"line":21,"column":0},"end":{"line":21,"column":34}},"21":{"start":{"line":22,"column":0},"end":{"line":22,"column":36}},"22":{"start":{"line":23,"column":0},"end":{"line":23,"column":27}},"24":{"start":{"line":25,"column":0},"end":{"line":25,"column":3}},"26":{"start":{"line":27,"column":0},"end":{"line":27,"column":44}},"29":{"start":{"line":30,"column":0},"end":{"line":30,"column":43}},"30":{"start":{"line":31,"column":0},"end":{"line":31,"column":10}},"31":{"start":{"line":32,"column":0},"end":{"line":32,"column":60}},"32":{"start":{"line":33,"column":0},"end":{"line":33,"column":18}},"33":{"start":{"line":34,"column":0},"end":{"line":34,"column":17}},"34":{"start":{"line":35,"column":0},"end":{"line":35,"column":23}},"35":{"start":{"line":36,"column":0},"end":{"line":36,"column":33}},"36":{"start":{"line":37,"column":0},"end":{"line":37,"column":28}},"37":{"start":{"line":38,"column":0},"end":{"line":38,"column":28}},"38":{"start":{"line":39,"column":0},"end":{"line":39,"column":8}},"39":{"start":{"line":40,"column":0},"end":{"line":40,"column":32}},"41":{"start":{"line":42,"column":0},"end":{"line":42,"column":3}},"43":{"start":{"line":44,"column":0},"end":{"line":44,"column":46}},"46":{"start":{"line":47,"column":0},"end":{"line":47,"column":38}},"47":{"start":{"line":48,"column":0},"end":{"line":48,"column":57}},"48":{"start":{"line":49,"column":0},"end":{"line":49,"column":10}},"49":{"start":{"line":50,"column":0},"end":{"line":50,"column":56}},"50":{"start":{"line":51,"column":0},"end":{"line":51,"column":31}},"51":{"start":{"line":52,"column":0},"end":{"line":52,"column":52}},"52":{"start":{"line":53,"column":0},"end":{"line":53,"column":32}},"53":{"start":{"line":54,"column":0},"end":{"line":54,"column":13}},"55":{"start":{"line":56,"column":0},"end":{"line":56,"column":3}},"57":{"start":{"line":58,"column":0},"end":{"line":58,"column":43}},"60":{"start":{"line":61,"column":0},"end":{"line":61,"column":35}},"61":{"start":{"line":62,"column":0},"end":{"line":62,"column":44}},"62":{"start":{"line":63,"column":0},"end":{"line":63,"column":10}},"63":{"start":{"line":64,"column":0},"end":{"line":64,"column":72}},"64":{"start":{"line":65,"column":0},"end":{"line":65,"column":16}},"65":{"start":{"line":66,"column":0},"end":{"line":66,"column":36}},"66":{"start":{"line":67,"column":0},"end":{"line":67,"column":24}},"68":{"start":{"line":69,"column":0},"end":{"line":69,"column":3}},"70":{"start":{"line":71,"column":0},"end":{"line":71,"column":48}},"73":{"start":{"line":74,"column":0},"end":{"line":74,"column":40}},"74":{"start":{"line":75,"column":0},"end":{"line":75,"column":38}},"75":{"start":{"line":76,"column":0},"end":{"line":76,"column":10}},"76":{"start":{"line":77,"column":0},"end":{"line":77,"column":48}},"77":{"start":{"line":78,"column":0},"end":{"line":78,"column":28}},"78":{"start":{"line":79,"column":0},"end":{"line":79,"column":22}},"79":{"start":{"line":80,"column":0},"end":{"line":80,"column":45}},"80":{"start":{"line":81,"column":0},"end":{"line":81,"column":59}},"81":{"start":{"line":82,"column":0},"end":{"line":82,"column":47}},"82":{"start":{"line":83,"column":0},"end":{"line":83,"column":33}},"83":{"start":{"line":84,"column":0},"end":{"line":84,"column":61}},"84":{"start":{"line":85,"column":0},"end":{"line":85,"column":44}},"85":{"start":{"line":86,"column":0},"end":{"line":86,"column":10}},"86":{"start":{"line":87,"column":0},"end":{"line":87,"column":29}},"87":{"start":{"line":88,"column":0},"end":{"line":88,"column":29}},"89":{"start":{"line":90,"column":0},"end":{"line":90,"column":3}},"91":{"start":{"line":92,"column":0},"end":{"line":92,"column":43}},"94":{"start":{"line":95,"column":0},"end":{"line":95,"column":35}},"95":{"start":{"line":96,"column":0},"end":{"line":96,"column":10}},"96":{"start":{"line":97,"column":0},"end":{"line":97,"column":22}},"97":{"start":{"line":98,"column":0},"end":{"line":98,"column":16}},"98":{"start":{"line":99,"column":0},"end":{"line":99,"column":15}},"99":{"start":{"line":100,"column":0},"end":{"line":100,"column":61}},"101":{"start":{"line":102,"column":0},"end":{"line":102,"column":24}},"102":{"start":{"line":103,"column":0},"end":{"line":103,"column":22}},"104":{"start":{"line":105,"column":0},"end":{"line":105,"column":10}},"105":{"start":{"line":106,"column":0},"end":{"line":106,"column":39}},"106":{"start":{"line":107,"column":0},"end":{"line":107,"column":26}},"107":{"start":{"line":108,"column":0},"end":{"line":108,"column":11}},"109":{"start":{"line":110,"column":0},"end":{"line":110,"column":24}},"111":{"start":{"line":112,"column":0},"end":{"line":112,"column":33}},"113":{"start":{"line":114,"column":0},"end":{"line":114,"column":48}},"116":{"start":{"line":117,"column":0},"end":{"line":117,"column":40}},"117":{"start":{"line":118,"column":0},"end":{"line":118,"column":45}},"118":{"start":{"line":119,"column":0},"end":{"line":119,"column":10}},"119":{"start":{"line":120,"column":0},"end":{"line":120,"column":48}},"120":{"start":{"line":121,"column":0},"end":{"line":121,"column":72}},"121":{"start":{"line":122,"column":0},"end":{"line":122,"column":16}},"122":{"start":{"line":123,"column":0},"end":{"line":123,"column":29}},"124":{"start":{"line":125,"column":0},"end":{"line":125,"column":3}},"126":{"start":{"line":127,"column":0},"end":{"line":127,"column":46}},"127":{"start":{"line":128,"column":0},"end":{"line":128,"column":52}}},"s":{"0":1,"10":1,"13":1,"14":33,"15":33,"16":33,"17":33,"18":33,"19":33,"20":33,"21":33,"22":33,"24":33,"26":1,"29":1,"30":0,"31":0,"32":0,"33":0,"34":0,"35":0,"36":0,"37":0,"38":0,"39":0,"41":0,"43":1,"46":1,"47":33,"48":33,"49":33,"50":33,"51":33,"52":33,"53":33,"55":33,"57":1,"60":1,"61":136,"62":136,"63":136,"64":136,"65":136,"66":136,"68":136,"70":1,"73":1,"74":33,"75":33,"76":33,"77":33,"78":33,"79":61,"80":61,"81":61,"82":32,"83":32,"84":0,"85":61,"86":33,"87":33,"89":33,"91":1,"94":1,"95":33,"96":33,"97":33,"98":33,"99":33,"101":33,"102":0,"104":33,"105":33,"106":33,"107":33,"109":33,"111":33,"113":1,"116":1,"117":0,"118":0,"119":0,"120":0,"121":0,"122":0,"124":0,"126":1,"127":1},"branchMap":{"0":{"type":"branch","line":14,"loc":{"start":{"line":14,"column":2},"end":{"line":25,"column":3}},"locations":[{"start":{"line":14,"column":2},"end":{"line":25,"column":3}}]},"1":{"type":"branch","line":20,"loc":{"start":{"line":20,"column":9},"end":{"line":20,"column":45}},"locations":[{"start":{"line":20,"column":9},"end":{"line":20,"column":45}}]},"2":{"type":"branch","line":47,"loc":{"start":{"line":47,"column":2},"end":{"line":56,"column":3}},"locations":[{"start":{"line":47,"column":2},"end":{"line":56,"column":3}}]},"3":{"type":"branch","line":61,"loc":{"start":{"line":61,"column":2},"end":{"line":69,"column":3}},"locations":[{"start":{"line":61,"column":2},"end":{"line":69,"column":3}}]},"4":{"type":"branch","line":74,"loc":{"start":{"line":74,"column":2},"end":{"line":90,"column":3}},"locations":[{"start":{"line":74,"column":2},"end":{"line":90,"column":3}}]},"5":{"type":"branch","line":79,"loc":{"start":{"line":79,"column":9},"end":{"line":86,"column":10}},"locations":[{"start":{"line":79,"column":9},"end":{"line":86,"column":10}}]},"6":{"type":"branch","line":81,"loc":{"start":{"line":81,"column":34},"end":{"line":81,"column":59}},"locations":[{"start":{"line":81,"column":34},"end":{"line":81,"column":59}}]},"7":{"type":"branch","line":81,"loc":{"start":{"line":81,"column":47},"end":{"line":82,"column":31}},"locations":[{"start":{"line":81,"column":47},"end":{"line":82,"column":31}}]},"8":{"type":"branch","line":82,"loc":{"start":{"line":82,"column":24},"end":{"line":82,"column":47}},"locations":[{"start":{"line":82,"column":24},"end":{"line":82,"column":47}}]},"9":{"type":"branch","line":82,"loc":{"start":{"line":82,"column":45},"end":{"line":84,"column":61}},"locations":[{"start":{"line":82,"column":45},"end":{"line":84,"column":61}}]},"10":{"type":"branch","line":84,"loc":{"start":{"line":84,"column":59},"end":{"line":85,"column":44}},"locations":[{"start":{"line":84,"column":59},"end":{"line":85,"column":44}}]},"11":{"type":"branch","line":95,"loc":{"start":{"line":95,"column":2},"end":{"line":112,"column":33}},"locations":[{"start":{"line":95,"column":2},"end":{"line":112,"column":33}}]},"12":{"type":"branch","line":102,"loc":{"start":{"line":102,"column":13},"end":{"line":103,"column":22}},"locations":[{"start":{"line":102,"column":13},"end":{"line":103,"column":22}}]}},"b":{"0":[33],"1":[0],"2":[33],"3":[136],"4":[33],"5":[61],"6":[29],"7":[32],"8":[0],"9":[32],"10":[0],"11":[33],"12":[0]},"fnMap":{"0":{"name":"SelectTrigger2","decl":{"start":{"line":14,"column":2},"end":{"line":25,"column":3}},"loc":{"start":{"line":14,"column":2},"end":{"line":25,"column":3}},"line":14},"1":{"name":"SelectClearTrigger2","decl":{"start":{"line":30,"column":2},"end":{"line":42,"column":3}},"loc":{"start":{"line":30,"column":2},"end":{"line":42,"column":3}},"line":30},"2":{"name":"SelectContent2","decl":{"start":{"line":47,"column":2},"end":{"line":56,"column":3}},"loc":{"start":{"line":47,"column":2},"end":{"line":56,"column":3}},"line":47},"3":{"name":"SelectItem2","decl":{"start":{"line":61,"column":2},"end":{"line":69,"column":3}},"loc":{"start":{"line":61,"column":2},"end":{"line":69,"column":3}},"line":61},"4":{"name":"SelectValueText2","decl":{"start":{"line":74,"column":2},"end":{"line":90,"column":3}},"loc":{"start":{"line":74,"column":2},"end":{"line":90,"column":3}},"line":74},"5":{"name":"children","decl":{"start":{"line":79,"column":9},"end":{"line":86,"column":10}},"loc":{"start":{"line":79,"column":9},"end":{"line":86,"column":10}},"line":79},"6":{"name":"SelectRoot2","decl":{"start":{"line":95,"column":2},"end":{"line":112,"column":33}},"loc":{"start":{"line":95,"column":2},"end":{"line":112,"column":33}},"line":95},"7":{"name":"SelectItemGroup2","decl":{"start":{"line":117,"column":2},"end":{"line":125,"column":3}},"loc":{"start":{"line":117,"column":2},"end":{"line":125,"column":3}},"line":117}},"f":{"0":33,"1":0,"2":33,"3":136,"4":33,"5":61,"6":33,"7":0}}
,"/home/borgesjonas/Projects/Testes/to-do-list/src/components/select/types.ts": {"path":"/home/borgesjonas/Projects/Testes/to-do-list/src/components/select/types.ts","all":true,"statementMap":{},"s":{},"branchMap":{"0":{"type":"branch","line":1,"loc":{"start":{"line":1,"column":573},"end":{"line":19,"column":1}},"locations":[{"start":{"line":1,"column":573},"end":{"line":19,"column":1}}]}},"b":{"0":[1]},"fnMap":{"0":{"name":"(empty-report)","decl":{"start":{"line":1,"column":573},"end":{"line":19,"column":1}},"loc":{"start":{"line":1,"column":573},"end":{"line":19,"column":1}},"line":1}},"f":{"0":1}}
,"/home/borgesjonas/Projects/Testes/to-do-list/src/components/select/components/close-button/index.tsx": {"path":"/home/borgesjonas/Projects/Testes/to-do-list/src/components/select/components/close-button/index.tsx","all":false,"statementMap":{"0":{"start":{"line":1,"column":0},"end":{"line":1,"column":78}},"7":{"start":{"line":8,"column":0},"end":{"line":8,"column":44}},"10":{"start":{"line":11,"column":0},"end":{"line":11,"column":36}},"11":{"start":{"line":12,"column":0},"end":{"line":12,"column":10}},"12":{"start":{"line":13,"column":0},"end":{"line":13,"column":78}},"13":{"start":{"line":14,"column":0},"end":{"line":14,"column":33}},"14":{"start":{"line":15,"column":0},"end":{"line":15,"column":23}},"16":{"start":{"line":17,"column":0},"end":{"line":17,"column":3}}},"s":{"0":1,"7":1,"10":1,"11":0,"12":0,"13":0,"14":0,"16":0},"branchMap":{},"b":{},"fnMap":{"0":{"name":"CloseButton2","decl":{"start":{"line":11,"column":2},"end":{"line":17,"column":3}},"loc":{"start":{"line":11,"column":2},"end":{"line":17,"column":3}},"line":11}},"f":{"0":0}}
,"/home/borgesjonas/Projects/Testes/to-do-list/src/components/skeleton/index.tsx": {"path":"/home/borgesjonas/Projects/Testes/to-do-list/src/components/skeleton/index.tsx","all":false,"statementMap":{"0":{"start":{"line":1,"column":0},"end":{"line":1,"column":77}},"5":{"start":{"line":6,"column":0},"end":{"line":6,"column":47}},"8":{"start":{"line":9,"column":0},"end":{"line":9,"column":39}},"9":{"start":{"line":10,"column":0},"end":{"line":10,"column":34}},"10":{"start":{"line":11,"column":0},"end":{"line":11,"column":10}},"11":{"start":{"line":12,"column":0},"end":{"line":12,"column":42}},"12":{"start":{"line":13,"column":0},"end":{"line":13,"column":34}},"13":{"start":{"line":14,"column":0},"end":{"line":14,"column":13}},"15":{"start":{"line":16,"column":0},"end":{"line":16,"column":3}},"17":{"start":{"line":18,"column":0},"end":{"line":18,"column":80}},"18":{"start":{"line":19,"column":0},"end":{"line":19,"column":37}},"19":{"start":{"line":20,"column":0},"end":{"line":20,"column":50}},"20":{"start":{"line":21,"column":0},"end":{"line":21,"column":12}},"21":{"start":{"line":22,"column":0},"end":{"line":22,"column":46}},"22":{"start":{"line":23,"column":0},"end":{"line":23,"column":62}},"23":{"start":{"line":24,"column":0},"end":{"line":24,"column":25}},"24":{"start":{"line":25,"column":0},"end":{"line":25,"column":22}},"25":{"start":{"line":26,"column":0},"end":{"line":26,"column":23}},"26":{"start":{"line":27,"column":0},"end":{"line":27,"column":22}},"27":{"start":{"line":28,"column":0},"end":{"line":28,"column":35}},"28":{"start":{"line":29,"column":0},"end":{"line":29,"column":21}},"29":{"start":{"line":30,"column":0},"end":{"line":30,"column":12}},"30":{"start":{"line":31,"column":0},"end":{"line":31,"column":11}},"31":{"start":{"line":32,"column":0},"end":{"line":32,"column":14}},"33":{"start":{"line":34,"column":0},"end":{"line":34,"column":3}},"34":{"start":{"line":35,"column":0},"end":{"line":35,"column":2}},"36":{"start":{"line":37,"column":0},"end":{"line":37,"column":39}}},"s":{"0":1,"5":1,"8":1,"9":1,"10":1,"11":1,"12":1,"13":1,"15":1,"17":1,"18":1,"19":0,"20":0,"21":0,"22":0,"23":0,"24":0,"25":0,"26":0,"27":0,"28":0,"29":0,"30":0,"31":0,"33":0,"34":1,"36":1},"branchMap":{"0":{"type":"branch","line":9,"loc":{"start":{"line":9,"column":2},"end":{"line":16,"column":3}},"locations":[{"start":{"line":9,"column":2},"end":{"line":16,"column":3}}]}},"b":{"0":[1]},"fnMap":{"0":{"name":"SkeletonCircle2","decl":{"start":{"line":9,"column":2},"end":{"line":16,"column":3}},"loc":{"start":{"line":9,"column":2},"end":{"line":16,"column":3}},"line":9},"1":{"name":"SkeletonText2","decl":{"start":{"line":19,"column":2},"end":{"line":34,"column":3}},"loc":{"start":{"line":19,"column":2},"end":{"line":34,"column":3}},"line":19}},"f":{"0":1,"1":0}}
,"/home/borgesjonas/Projects/Testes/to-do-list/src/components/skeleton/types.ts": {"path":"/home/borgesjonas/Projects/Testes/to-do-list/src/components/skeleton/types.ts","all":true,"statementMap":{},"s":{},"branchMap":{"0":{"type":"branch","line":1,"loc":{"start":{"line":1,"column":285},"end":{"line":12,"column":1}},"locations":[{"start":{"line":1,"column":285},"end":{"line":12,"column":1}}]}},"b":{"0":[1]},"fnMap":{"0":{"name":"(empty-report)","decl":{"start":{"line":1,"column":285},"end":{"line":12,"column":1}},"loc":{"start":{"line":1,"column":285},"end":{"line":12,"column":1}},"line":1}},"f":{"0":1}}
[...]
,"/home/borgesjonas/Projects/Testes/to-do-list/src/pages/tasks/tasks-list/components/tasks-edit-drawer/types.ts": {"path":"/home/borgesjonas/Projects/Testes/to-do-list/src/pages/tasks/tasks-list/components/tasks-edit-drawer/types.ts","all":true,"statementMap":{},"s":{},"branchMap":{"0":{"type":"branch","line":1,"loc":{"start":{"line":1,"column":233},"end":{"line":11,"column":1}},"locations":[{"start":{"line":1,"column":233},"end":{"line":11,"column":1}}]}},"b":{"0":[1]},"fnMap":{"0":{"name":"(empty-report)","decl":{"start":{"line":1,"column":233},"end":{"line":11,"column":1}},"loc":{"start":{"line":1,"column":233},"end":{"line":11,"column":1}},"line":1}},"f":{"0":1}}
,"/home/borgesjonas/Projects/Testes/to-do-list/src/pages/tasks/tasks-list/contexts/tasks-context/context.ts": {"path":"/home/borgesjonas/Projects/Testes/to-do-list/src/pages/tasks/tasks-list/contexts/tasks-context/context.ts","all":false,"statementMap":{"0":{"start":{"line":1,"column":0},"end":{"line":1,"column":50}},"3":{"start":{"line":4,"column":0},"end":{"line":4,"column":63}},"4":{"start":{"line":5,"column":0},"end":{"line":5,"column":27}},"5":{"start":{"line":6,"column":0},"end":{"line":6,"column":2}},"7":{"start":{"line":8,"column":0},"end":{"line":8,"column":35}},"8":{"start":{"line":9,"column":0},"end":{"line":9,"column":34}},"9":{"start":{"line":10,"column":0},"end":{"line":10,"column":1}}},"s":{"0":1,"3":1,"4":1,"5":1,"7":1,"8":233,"9":233},"branchMap":{"0":{"type":"branch","line":8,"loc":{"start":{"line":8,"column":7},"end":{"line":10,"column":1}},"locations":[{"start":{"line":8,"column":7},"end":{"line":10,"column":1}}]}},"b":{"0":[233]},"fnMap":{"0":{"name":"useTasksContext","decl":{"start":{"line":8,"column":7},"end":{"line":10,"column":1}},"loc":{"start":{"line":8,"column":7},"end":{"line":10,"column":1}},"line":8}},"f":{"0":233}}
,"/home/borgesjonas/Projects/Testes/to-do-list/src/pages/tasks/tasks-list/contexts/tasks-context/index.ts": {"path":"/home/borgesjonas/Projects/Testes/to-do-list/src/pages/tasks/tasks-list/contexts/tasks-context/index.ts","all":false,"statementMap":{"0":{"start":{"line":1,"column":0},"end":{"line":1,"column":44}}},"s":{"0":1},"branchMap":{},"b":{},"fnMap":{},"f":{}}
,"/home/borgesjonas/Projects/Testes/to-do-list/src/pages/tasks/tasks-list/contexts/tasks-context/provider.tsx": {"path":"/home/borgesjonas/Projects/Testes/to-do-list/src/pages/tasks/tasks-list/contexts/tasks-context/provider.tsx","all":false,"statementMap":{"0":{"start":{"line":1,"column":0},"end":{"line":1,"column":54}},"14":{"start":{"line":15,"column":0},"end":{"line":15,"column":64}},"15":{"start":{"line":16,"column":0},"end":{"line":16,"column":58}},"16":{"start":{"line":17,"column":0},"end":{"line":17,"column":31}},"17":{"start":{"line":18,"column":0},"end":{"line":18,"column":30}},"18":{"start":{"line":19,"column":0},"end":{"line":19,"column":28}},"19":{"start":{"line":20,"column":0},"end":{"line":20,"column":29}},"20":{"start":{"line":21,"column":0},"end":{"line":21,"column":5}},"22":{"start":{"line":23,"column":0},"end":{"line":23,"column":78}},"24":{"start":{"line":25,"column":0},"end":{"line":25,"column":77}},"25":{"start":{"line":26,"column":0},"end":{"line":26,"column":46}},"27":{"start":{"line":28,"column":0},"end":{"line":28,"column":44}},"28":{"start":{"line":29,"column":0},"end":{"line":29,"column":58}},"29":{"start":{"line":30,"column":0},"end":{"line":30,"column":3}},"31":{"start":{"line":32,"column":0},"end":{"line":32,"column":53}},"32":{"start":{"line":33,"column":0},"end":{"line":33,"column":74}},"33":{"start":{"line":34,"column":0},"end":{"line":34,"column":3}},"35":{"start":{"line":36,"column":0},"end":{"line":36,"column":55}},"36":{"start":{"line":37,"column":0},"end":{"line":37,"column":39}},"38":{"start":{"line":39,"column":0},"end":{"line":39,"column":9}},"39":{"start":{"line":40,"column":0},"end":{"line":40,"column":58}},"41":{"start":{"line":42,"column":0},"end":{"line":42,"column":22}},"42":{"start":{"line":43,"column":0},"end":{"line":43,"column":24}},"43":{"start":{"line":44,"column":0},"end":{"line":44,"column":59}},"44":{"start":{"line":45,"column":0},"end":{"line":45,"column":24}},"45":{"start":{"line":46,"column":0},"end":{"line":46,"column":9}},"46":{"start":{"line":47,"column":0},"end":{"line":47,"column":16}},"47":{"start":{"line":48,"column":0},"end":{"line":48,"column":13}},"48":{"start":{"line":49,"column":0},"end":{"line":49,"column":22}},"49":{"start":{"line":50,"column":0},"end":{"line":50,"column":22}},"50":{"start":{"line":51,"column":0},"end":{"line":51,"column":45}},"51":{"start":{"line":52,"column":0},"end":{"line":52,"column":22}},"52":{"start":{"line":53,"column":0},"end":{"line":53,"column":9}},"53":{"start":{"line":54,"column":0},"end":{"line":54,"column":5}},"54":{"start":{"line":55,"column":0},"end":{"line":55,"column":3}},"56":{"start":{"line":57,"column":0},"end":{"line":57,"column":59}},"57":{"start":{"line":58,"column":0},"end":{"line":58,"column":9}},"58":{"start":{"line":59,"column":0},"end":{"line":59,"column":40}},"60":{"start":{"line":61,"column":0},"end":{"line":61,"column":22}},"61":{"start":{"line":62,"column":0},"end":{"line":62,"column":24}},"62":{"start":{"line":63,"column":0},"end":{"line":63,"column":58}},"63":{"start":{"line":64,"column":0},"end":{"line":64,"column":24}},"64":{"start":{"line":65,"column":0},"end":{"line":65,"column":9}},"66":{"start":{"line":67,"column":0},"end":{"line":67,"column":16}},"67":{"start":{"line":68,"column":0},"end":{"line":68,"column":13}},"68":{"start":{"line":69,"column":0},"end":{"line":69,"column":22}},"69":{"start":{"line":70,"column":0},"end":{"line":70,"column":22}},"70":{"start":{"line":71,"column":0},"end":{"line":71,"column":44}},"71":{"start":{"line":72,"column":0},"end":{"line":72,"column":22}},"72":{"start":{"line":73,"column":0},"end":{"line":73,"column":9}},"73":{"start":{"line":74,"column":0},"end":{"line":74,"column":5}},"74":{"start":{"line":75,"column":0},"end":{"line":75,"column":3}},"76":{"start":{"line":77,"column":0},"end":{"line":77,"column":47}},"77":{"start":{"line":78,"column":0},"end":{"line":78,"column":9}},"78":{"start":{"line":79,"column":0},"end":{"line":79,"column":42}},"79":{"start":{"line":80,"column":0},"end":{"line":80,"column":22}},"80":{"start":{"line":81,"column":0},"end":{"line":81,"column":24}},"81":{"start":{"line":82,"column":0},"end":{"line":82,"column":60}},"82":{"start":{"line":83,"column":0},"end":{"line":83,"column":24}},"83":{"start":{"line":84,"column":0},"end":{"line":84,"column":9}},"84":{"start":{"line":85,"column":0},"end":{"line":85,"column":16}},"85":{"start":{"line":86,"column":0},"end":{"line":86,"column":13}},"86":{"start":{"line":87,"column":0},"end":{"line":87,"column":22}},"87":{"start":{"line":88,"column":0},"end":{"line":88,"column":22}},"88":{"start":{"line":89,"column":0},"end":{"line":89,"column":62}},"89":{"start":{"line":90,"column":0},"end":{"line":90,"column":22}},"90":{"start":{"line":91,"column":0},"end":{"line":91,"column":9}},"91":{"start":{"line":92,"column":0},"end":{"line":92,"column":5}},"92":{"start":{"line":93,"column":0},"end":{"line":93,"column":3}},"94":{"start":{"line":95,"column":0},"end":{"line":95,"column":40}},"95":{"start":{"line":96,"column":0},"end":{"line":96,"column":60}},"96":{"start":{"line":97,"column":0},"end":{"line":97,"column":3}},"98":{"start":{"line":99,"column":0},"end":{"line":99,"column":48}},"99":{"start":{"line":100,"column":0},"end":{"line":100,"column":23}},"100":{"start":{"line":101,"column":0},"end":{"line":101,"column":3}},"102":{"start":{"line":103,"column":0},"end":{"line":103,"column":10}},"103":{"start":{"line":104,"column":0},"end":{"line":104,"column":26}},"104":{"start":{"line":105,"column":0},"end":{"line":105,"column":14}},"105":{"start":{"line":106,"column":0},"end":{"line":106,"column":17}},"106":{"start":{"line":107,"column":0},"end":{"line":107,"column":18}},"107":{"start":{"line":108,"column":0},"end":{"line":108,"column":20}},"108":{"start":{"line":109,"column":0},"end":{"line":109,"column":19}},"109":{"start":{"line":110,"column":0},"end":{"line":110,"column":23}},"110":{"start":{"line":111,"column":0},"end":{"line":111,"column":30}},"111":{"start":{"line":112,"column":0},"end":{"line":112,"column":35}},"112":{"start":{"line":113,"column":0},"end":{"line":113,"column":39}},"113":{"start":{"line":114,"column":0},"end":{"line":114,"column":39}},"114":{"start":{"line":115,"column":0},"end":{"line":115,"column":65}},"115":{"start":{"line":116,"column":0},"end":{"line":116,"column":61}},"116":{"start":{"line":117,"column":0},"end":{"line":117,"column":31}},"117":{"start":{"line":118,"column":0},"end":{"line":118,"column":57}},"118":{"start":{"line":119,"column":0},"end":{"line":119,"column":8}},"120":{"start":{"line":121,"column":0},"end":{"line":121,"column":16}},"121":{"start":{"line":122,"column":0},"end":{"line":122,"column":28}},"123":{"start":{"line":124,"column":0},"end":{"line":124,"column":1}}},"s":{"0":1,"14":1,"15":29,"16":29,"17":29,"18":29,"19":29,"20":29,"22":29,"24":29,"25":29,"27":29,"28":2,"29":2,"31":29,"32":1,"33":1,"35":29,"36":0,"38":0,"39":0,"41":0,"42":0,"43":0,"44":0,"45":0,"46":0,"47":0,"48":0,"49":0,"50":0,"51":0,"52":0,"53":0,"54":0,"56":29,"57":1,"58":1,"60":1,"61":1,"62":1,"63":1,"64":1,"66":1,"67":1,"68":0,"69":0,"70":0,"71":0,"72":0,"73":0,"74":1,"76":29,"77":1,"78":1,"79":1,"80":1,"81":1,"82":1,"83":1,"84":1,"85":1,"86":0,"87":0,"88":0,"89":0,"90":0,"91":0,"92":1,"94":29,"95":2,"96":2,"98":29,"99":1,"100":1,"102":29,"103":29,"104":29,"105":29,"106":29,"107":29,"108":29,"109":29,"110":29,"111":29,"112":29,"113":29,"114":29,"115":29,"116":29,"117":29,"118":29,"120":29,"121":29,"123":29},"branchMap":{"0":{"type":"branch","line":15,"loc":{"start":{"line":15,"column":7},"end":{"line":124,"column":1}},"locations":[{"start":{"line":15,"column":7},"end":{"line":124,"column":1}}]},"1":{"type":"branch","line":28,"loc":{"start":{"line":28,"column":2},"end":{"line":30,"column":3}},"locations":[{"start":{"line":28,"column":2},"end":{"line":30,"column":3}}]},"2":{"type":"branch","line":32,"loc":{"start":{"line":32,"column":2},"end":{"line":34,"column":3}},"locations":[{"start":{"line":32,"column":2},"end":{"line":34,"column":3}}]},"3":{"type":"branch","line":57,"loc":{"start":{"line":57,"column":2},"end":{"line":75,"column":3}},"locations":[{"start":{"line":57,"column":2},"end":{"line":75,"column":3}}]},"4":{"type":"branch","line":68,"loc":{"start":{"line":68,"column":4},"end":{"line":74,"column":5}},"locations":[{"start":{"line":68,"column":4},"end":{"line":74,"column":5}}]},"5":{"type":"branch","line":77,"loc":{"start":{"line":77,"column":2},"end":{"line":93,"column":3}},"locations":[{"start":{"line":77,"column":2},"end":{"line":93,"column":3}}]},"6":{"type":"branch","line":86,"loc":{"start":{"line":86,"column":4},"end":{"line":92,"column":5}},"locations":[{"start":{"line":86,"column":4},"end":{"line":92,"column":5}}]},"7":{"type":"branch","line":95,"loc":{"start":{"line":95,"column":2},"end":{"line":97,"column":3}},"locations":[{"start":{"line":95,"column":2},"end":{"line":97,"column":3}}]},"8":{"type":"branch","line":99,"loc":{"start":{"line":99,"column":2},"end":{"line":101,"column":3}},"locations":[{"start":{"line":99,"column":2},"end":{"line":101,"column":3}}]}},"b":{"0":[29],"1":[2],"2":[1],"3":[1],"4":[0],"5":[1],"6":[0],"7":[2],"8":[1]},"fnMap":{"0":{"name":"TasksProvider","decl":{"start":{"line":15,"column":7},"end":{"line":124,"column":1}},"loc":{"start":{"line":15,"column":7},"end":{"line":124,"column":1}},"line":15},"1":{"name":"handleCreateTaskDrawerVisible","decl":{"start":{"line":28,"column":2},"end":{"line":30,"column":3}},"loc":{"start":{"line":28,"column":2},"end":{"line":30,"column":3}},"line":28},"2":{"name":"handleEditTaskDrawerVisible","decl":{"start":{"line":32,"column":2},"end":{"line":34,"column":3}},"loc":{"start":{"line":32,"column":2},"end":{"line":34,"column":3}},"line":32},"3":{"name":"handleEditTask","decl":{"start":{"line":36,"column":2},"end":{"line":55,"column":3}},"loc":{"start":{"line":36,"column":2},"end":{"line":55,"column":3}},"line":36},"4":{"name":"handleCreateTask","decl":{"start":{"line":57,"column":2},"end":{"line":75,"column":3}},"loc":{"start":{"line":57,"column":2},"end":{"line":75,"column":3}},"line":57},"5":{"name":"handleDeleteTask","decl":{"start":{"line":77,"column":2},"end":{"line":93,"column":3}},"loc":{"start":{"line":77,"column":2},"end":{"line":93,"column":3}},"line":77},"6":{"name":"handleFilterDrawerVisible","decl":{"start":{"line":95,"column":2},"end":{"line":97,"column":3}},"loc":{"start":{"line":95,"column":2},"end":{"line":97,"column":3}},"line":95},"7":{"name":"handleFilter","decl":{"start":{"line":99,"column":2},"end":{"line":101,"column":3}},"loc":{"start":{"line":99,"column":2},"end":{"line":101,"column":3}},"line":99}},"f":{"0":29,"1":2,"2":1,"3":0,"4":1,"5":1,"6":2,"7":1}}
,"/home/borgesjonas/Projects/Testes/to-do-list/src/pages/tasks/tasks-list/contexts/tasks-context/types.ts": {"path":"/home/borgesjonas/Projects/Testes/to-do-list/src/pages/tasks/tasks-list/contexts/tasks-context/types.ts","all":true,"statementMap":{},"s":{},"branchMap":{"0":{"type":"branch","line":1,"loc":{"start":{"line":1,"column":979},"end":{"line":34,"column":1}},"locations":[{"start":{"line":1,"column":979},"end":{"line":34,"column":1}}]}},"b":{"0":[1]},"fnMap":{"0":{"name":"(empty-report)","decl":{"start":{"line":1,"column":979},"end":{"line":34,"column":1}},"loc":{"start":{"line":1,"column":979},"end":{"line":34,"column":1}},"line":1}},"f":{"0":1}}
,"/home/borgesjonas/Projects/Testes/to-do-list/src/routes/index.tsx": {"path":"/home/borgesjonas/Projects/Testes/to-do-list/src/routes/index.tsx","all":true,"statementMap":{"0":{"start":{"line":1,"column":0},"end":{"line":1,"column":55}},"9":{"start":{"line":10,"column":0},"end":{"line":10,"column":43}},"10":{"start":{"line":11,"column":0},"end":{"line":11,"column":3}},"11":{"start":{"line":12,"column":0},"end":{"line":12,"column":15}},"12":{"start":{"line":13,"column":0},"end":{"line":13,"column":7}},"13":{"start":{"line":14,"column":0},"end":{"line":14,"column":35}},"14":{"start":{"line":15,"column":0},"end":{"line":15,"column":19}},"15":{"start":{"line":16,"column":0},"end":{"line":16,"column":11}},"16":{"start":{"line":17,"column":0},"end":{"line":17,"column":22}},"17":{"start":{"line":18,"column":0},"end":{"line":18,"column":31}},"18":{"start":{"line":19,"column":0},"end":{"line":19,"column":12}},"19":{"start":{"line":20,"column":0},"end":{"line":20,"column":11}},"20":{"start":{"line":21,"column":0},"end":{"line":21,"column":35}},"21":{"start":{"line":22,"column":0},"end":{"line":22,"column":23}},"22":{"start":{"line":23,"column":0},"end":{"line":23,"column":15}},"23":{"start":{"line":24,"column":0},"end":{"line":24,"column":31}},"24":{"start":{"line":25,"column":0},"end":{"line":25,"column":39}},"25":{"start":{"line":26,"column":0},"end":{"line":26,"column":16}},"26":{"start":{"line":27,"column":0},"end":{"line":27,"column":15}},"27":{"start":{"line":28,"column":0},"end":{"line":28,"column":35}},"28":{"start":{"line":29,"column":0},"end":{"line":29,"column":41}},"29":{"start":{"line":30,"column":0},"end":{"line":30,"column":16}},"30":{"start":{"line":31,"column":0},"end":{"line":31,"column":14}},"31":{"start":{"line":32,"column":0},"end":{"line":32,"column":12}},"32":{"start":{"line":33,"column":0},"end":{"line":33,"column":10}},"33":{"start":{"line":34,"column":0},"end":{"line":34,"column":8}},"34":{"start":{"line":35,"column":0},"end":{"line":35,"column":6}},"35":{"start":{"line":36,"column":0},"end":{"line":36,"column":4}},"36":{"start":{"line":37,"column":0},"end":{"line":37,"column":3}}},"s":{"0":0,"9":0,"10":0,"11":0,"12":0,"13":0,"14":0,"15":0,"16":0,"17":0,"18":0,"19":0,"20":0,"21":0,"22":0,"23":0,"24":0,"25":0,"26":0,"27":0,"28":0,"29":0,"30":0,"31":0,"32":0,"33":0,"34":0,"35":0,"36":0},"branchMap":{"0":{"type":"branch","line":1,"loc":{"start":{"line":1,"column":883},"end":{"line":37,"column":3}},"locations":[{"start":{"line":1,"column":883},"end":{"line":37,"column":3}}]}},"b":{"0":[0]},"fnMap":{"0":{"name":"(empty-report)","decl":{"start":{"line":1,"column":883},"end":{"line":37,"column":3}},"loc":{"start":{"line":1,"column":883},"end":{"line":37,"column":3}},"line":1}},"f":{"0":0}}
,"/home/borgesjonas/Projects/Testes/to-do-list/src/service/index.ts": {"path":"/home/borgesjonas/Projects/Testes/to-do-list/src/service/index.ts","all":false,"statementMap":{"0":{"start":{"line":1,"column":0},"end":{"line":1,"column":26}},"2":{"start":{"line":3,"column":0},"end":{"line":3,"column":37}},"3":{"start":{"line":4,"column":0},"end":{"line":4,"column":35}},"4":{"start":{"line":5,"column":0},"end":{"line":5,"column":12}},"5":{"start":{"line":6,"column":0},"end":{"line":6,"column":31}},"6":{"start":{"line":7,"column":0},"end":{"line":7,"column":39}},"7":{"start":{"line":8,"column":0},"end":{"line":8,"column":4}},"8":{"start":{"line":9,"column":0},"end":{"line":9,"column":3}}},"s":{"0":1,"2":1,"3":1,"4":1,"5":1,"6":1,"7":1,"8":1},"branchMap":{},"b":{},"fnMap":{},"f":{}}
,"/home/borgesjonas/Projects/Testes/to-do-list/src/tests/custom-render/index.tsx": {"path":"/home/borgesjonas/Projects/Testes/to-do-list/src/tests/custom-render/index.tsx","all":false,"statementMap":{"0":{"start":{"line":1,"column":0},"end":{"line":1,"column":26}},"4":{"start":{"line":5,"column":0},"end":{"line":5,"column":29}},"5":{"start":{"line":6,"column":0},"end":{"line":6,"column":25}},"6":{"start":{"line":7,"column":0},"end":{"line":7,"column":42}},"7":{"start":{"line":8,"column":0},"end":{"line":8,"column":3}},"8":{"start":{"line":9,"column":0},"end":{"line":9,"column":68}},"9":{"start":{"line":10,"column":0},"end":{"line":10,"column":1}}},"s":{"0":1,"4":1,"5":27,"6":27,"7":27,"8":27,"9":27},"branchMap":{"0":{"type":"branch","line":5,"loc":{"start":{"line":5,"column":7},"end":{"line":10,"column":1}},"locations":[{"start":{"line":5,"column":7},"end":{"line":10,"column":1}}]}},"b":{"0":[27]},"fnMap":{"0":{"name":"customRender","decl":{"start":{"line":5,"column":7},"end":{"line":10,"column":1}},"loc":{"start":{"line":5,"column":7},"end":{"line":10,"column":1}},"line":5}},"f":{"0":27}}
,"/home/borgesjonas/Projects/Testes/to-do-list/src/tests/custom-render/components/chackra-provider-wrapper/index.tsx": {"path":"/home/borgesjonas/Projects/Testes/to-do-list/src/tests/custom-render/components/chackra-provider-wrapper/index.tsx","all":false,"statementMap":{"0":{"start":{"line":1,"column":0},"end":{"line":1,"column":42}},"3":{"start":{"line":4,"column":0},"end":{"line":4,"column":72}},"4":{"start":{"line":5,"column":0},"end":{"line":5,"column":41}},"5":{"start":{"line":6,"column":0},"end":{"line":6,"column":1}}},"s":{"0":1,"3":1,"4":27,"5":27},"branchMap":{"0":{"type":"branch","line":4,"loc":{"start":{"line":4,"column":7},"end":{"line":6,"column":1}},"locations":[{"start":{"line":4,"column":7},"end":{"line":6,"column":1}}]}},"b":{"0":[27]},"fnMap":{"0":{"name":"ChakraProviderWrapper","decl":{"start":{"line":4,"column":7},"end":{"line":6,"column":1}},"loc":{"start":{"line":4,"column":7},"end":{"line":6,"column":1}},"line":4}},"f":{"0":27}}
,"/home/borgesjonas/Projects/Testes/to-do-list/src/types/task.ts": {"path":"/home/borgesjonas/Projects/Testes/to-do-list/src/types/task.ts","all":true,"statementMap":{},"s":{},"branchMap":{"0":{"type":"branch","line":1,"loc":{"start":{"line":1,"column":264},"end":{"line":11,"column":1}},"locations":[{"start":{"line":1,"column":264},"end":{"line":11,"column":1}}]}},"b":{"0":[1]},"fnMap":{"0":{"name":"(empty-report)","decl":{"start":{"line":1,"column":264},"end":{"line":11,"column":1}},"loc":{"start":{"line":1,"column":264},"end":{"line":11,"column":1}},"line":1}},"f":{"0":1}}
}
